[2024-09-18 15:34:56,983] INFO Kafka Connect worker initializing ... (org.apache.kafka.connect.cli.AbstractConnectCli:114)
[2024-09-18 15:34:56,986] INFO WorkerInfo values: 
	jvm.args = -Xms256M, -Xmx2G, -XX:+UseG1GC, -XX:MaxGCPauseMillis=20, -XX:InitiatingHeapOccupancyPercent=35, -XX:+ExplicitGCInvokesConcurrent, -XX:MaxInlineLevel=15, -Djava.awt.headless=true, -Dcom.sun.management.jmxremote=true, -Dcom.sun.management.jmxremote.authenticate=false, -Dcom.sun.management.jmxremote.ssl=false, -Dkafka.logs.dir=/home/ffernandes/Roachberry/kafka/bin/../logs, -Dlog4j.configuration=file:bin/../config/connect-log4j.properties
	jvm.spec = Private Build, OpenJDK 64-Bit Server VM, 1.8.0_422, 25.422-b05
	jvm.classpath = /home/ffernandes/Roachberry/kafka/bin/../libs/activation-1.1.1.jar:/home/ffernandes/Roachberry/kafka/bin/../libs/aopalliance-repackaged-2.6.1.jar:/home/ffernandes/Roachberry/kafka/bin/../libs/argparse4j-0.7.0.jar:/home/ffernandes/Roachberry/kafka/bin/../libs/audience-annotations-0.12.0.jar:/home/ffernandes/Roachberry/kafka/bin/../libs/caffeine-2.9.3.jar:/home/ffernandes/Roachberry/kafka/bin/../libs/checker-qual-3.19.0.jar:/home/ffernandes/Roachberry/kafka/bin/../libs/commons-beanutils-1.9.4.jar:/home/ffernandes/Roachberry/kafka/bin/../libs/commons-cli-1.4.jar:/home/ffernandes/Roachberry/kafka/bin/../libs/commons-collections-3.2.2.jar:/home/ffernandes/Roachberry/kafka/bin/../libs/commons-digester-2.1.jar:/home/ffernandes/Roachberry/kafka/bin/../libs/commons-io-2.11.0.jar:/home/ffernandes/Roachberry/kafka/bin/../libs/commons-lang3-3.12.0.jar:/home/ffernandes/Roachberry/kafka/bin/../libs/commons-logging-1.2.jar:/home/ffernandes/Roachberry/kafka/bin/../libs/commons-validator-1.7.jar:/home/ffernandes/Roachberry/kafka/bin/../libs/connect-api-3.8.0.jar:/home/ffernandes/Roachberry/kafka/bin/../libs/connect-basic-auth-extension-3.8.0.jar:/home/ffernandes/Roachberry/kafka/bin/../libs/connect-json-3.8.0.jar:/home/ffernandes/Roachberry/kafka/bin/../libs/connect-mirror-3.8.0.jar:/home/ffernandes/Roachberry/kafka/bin/../libs/connect-mirror-client-3.8.0.jar:/home/ffernandes/Roachberry/kafka/bin/../libs/connect-runtime-3.8.0.jar:/home/ffernandes/Roachberry/kafka/bin/../libs/connect-transforms-3.8.0.jar:/home/ffernandes/Roachberry/kafka/bin/../libs/error_prone_annotations-2.10.0.jar:/home/ffernandes/Roachberry/kafka/bin/../libs/hk2-api-2.6.1.jar:/home/ffernandes/Roachberry/kafka/bin/../libs/hk2-locator-2.6.1.jar:/home/ffernandes/Roachberry/kafka/bin/../libs/hk2-utils-2.6.1.jar:/home/ffernandes/Roachberry/kafka/bin/../libs/jackson-annotations-2.16.2.jar:/home/ffernandes/Roachberry/kafka/bin/../libs/jackson-core-2.16.2.jar:/home/ffernandes/Roachberry/kafka/bin/../libs/jackson-databind-2.16.2.jar:/home/ffernandes/Roachberry/kafka/bin/../libs/jackson-dataformat-csv-2.16.2.jar:/home/ffernandes/Roachberry/kafka/bin/../libs/jackson-datatype-jdk8-2.16.2.jar:/home/ffernandes/Roachberry/kafka/bin/../libs/jackson-jaxrs-base-2.16.2.jar:/home/ffernandes/Roachberry/kafka/bin/../libs/jackson-jaxrs-json-provider-2.16.2.jar:/home/ffernandes/Roachberry/kafka/bin/../libs/jackson-module-afterburner-2.16.2.jar:/home/ffernandes/Roachberry/kafka/bin/../libs/jackson-module-jaxb-annotations-2.16.2.jar:/home/ffernandes/Roachberry/kafka/bin/../libs/jackson-module-scala_2.13-2.16.2.jar:/home/ffernandes/Roachberry/kafka/bin/../libs/jakarta.activation-api-1.2.2.jar:/home/ffernandes/Roachberry/kafka/bin/../libs/jakarta.annotation-api-1.3.5.jar:/home/ffernandes/Roachberry/kafka/bin/../libs/jakarta.inject-2.6.1.jar:/home/ffernandes/Roachberry/kafka/bin/../libs/jakarta.validation-api-2.0.2.jar:/home/ffernandes/Roachberry/kafka/bin/../libs/jakarta.ws.rs-api-2.1.6.jar:/home/ffernandes/Roachberry/kafka/bin/../libs/jakarta.xml.bind-api-2.3.3.jar:/home/ffernandes/Roachberry/kafka/bin/../libs/javassist-3.29.2-GA.jar:/home/ffernandes/Roachberry/kafka/bin/../libs/javax.activation-api-1.2.0.jar:/home/ffernandes/Roachberry/kafka/bin/../libs/javax.annotation-api-1.3.2.jar:/home/ffernandes/Roachberry/kafka/bin/../libs/javax.servlet-api-3.1.0.jar:/home/ffernandes/Roachberry/kafka/bin/../libs/javax.ws.rs-api-2.1.1.jar:/home/ffernandes/Roachberry/kafka/bin/../libs/jaxb-api-2.3.1.jar:/home/ffernandes/Roachberry/kafka/bin/../libs/jersey-client-2.39.1.jar:/home/ffernandes/Roachberry/kafka/bin/../libs/jersey-common-2.39.1.jar:/home/ffernandes/Roachberry/kafka/bin/../libs/jersey-container-servlet-2.39.1.jar:/home/ffernandes/Roachberry/kafka/bin/../libs/jersey-container-servlet-core-2.39.1.jar:/home/ffernandes/Roachberry/kafka/bin/../libs/jersey-hk2-2.39.1.jar:/home/ffernandes/Roachberry/kafka/bin/../libs/jersey-server-2.39.1.jar:/home/ffernandes/Roachberry/kafka/bin/../libs/jetty-client-9.4.54.v20240208.jar:/home/ffernandes/Roachberry/kafka/bin/../libs/jetty-continuation-9.4.54.v20240208.jar:/home/ffernandes/Roachberry/kafka/bin/../libs/jetty-http-9.4.54.v20240208.jar:/home/ffernandes/Roachberry/kafka/bin/../libs/jetty-io-9.4.54.v20240208.jar:/home/ffernandes/Roachberry/kafka/bin/../libs/jetty-security-9.4.54.v20240208.jar:/home/ffernandes/Roachberry/kafka/bin/../libs/jetty-server-9.4.54.v20240208.jar:/home/ffernandes/Roachberry/kafka/bin/../libs/jetty-servlet-9.4.54.v20240208.jar:/home/ffernandes/Roachberry/kafka/bin/../libs/jetty-servlets-9.4.54.v20240208.jar:/home/ffernandes/Roachberry/kafka/bin/../libs/jetty-util-9.4.54.v20240208.jar:/home/ffernandes/Roachberry/kafka/bin/../libs/jetty-util-ajax-9.4.54.v20240208.jar:/home/ffernandes/Roachberry/kafka/bin/../libs/jline-3.25.1.jar:/home/ffernandes/Roachberry/kafka/bin/../libs/jopt-simple-5.0.4.jar:/home/ffernandes/Roachberry/kafka/bin/../libs/jose4j-0.9.4.jar:/home/ffernandes/Roachberry/kafka/bin/../libs/jsr305-3.0.2.jar:/home/ffernandes/Roachberry/kafka/bin/../libs/kafka_2.13-3.8.0.jar:/home/ffernandes/Roachberry/kafka/bin/../libs/kafka-clients-3.8.0.jar:/home/ffernandes/Roachberry/kafka/bin/../libs/kafka-group-coordinator-3.8.0.jar:/home/ffernandes/Roachberry/kafka/bin/../libs/kafka-group-coordinator-api-3.8.0.jar:/home/ffernandes/Roachberry/kafka/bin/../libs/kafka-log4j-appender-3.8.0.jar:/home/ffernandes/Roachberry/kafka/bin/../libs/kafka-metadata-3.8.0.jar:/home/ffernandes/Roachberry/kafka/bin/../libs/kafka-raft-3.8.0.jar:/home/ffernandes/Roachberry/kafka/bin/../libs/kafka-server-3.8.0.jar:/home/ffernandes/Roachberry/kafka/bin/../libs/kafka-server-common-3.8.0.jar:/home/ffernandes/Roachberry/kafka/bin/../libs/kafka-shell-3.8.0.jar:/home/ffernandes/Roachberry/kafka/bin/../libs/kafka-storage-3.8.0.jar:/home/ffernandes/Roachberry/kafka/bin/../libs/kafka-storage-api-3.8.0.jar:/home/ffernandes/Roachberry/kafka/bin/../libs/kafka-streams-3.8.0.jar:/home/ffernandes/Roachberry/kafka/bin/../libs/kafka-streams-examples-3.8.0.jar:/home/ffernandes/Roachberry/kafka/bin/../libs/kafka-streams-scala_2.13-3.8.0.jar:/home/ffernandes/Roachberry/kafka/bin/../libs/kafka-streams-test-utils-3.8.0.jar:/home/ffernandes/Roachberry/kafka/bin/../libs/kafka-tools-3.8.0.jar:/home/ffernandes/Roachberry/kafka/bin/../libs/kafka-tools-api-3.8.0.jar:/home/ffernandes/Roachberry/kafka/bin/../libs/kafka-transaction-coordinator-3.8.0.jar:/home/ffernandes/Roachberry/kafka/bin/../libs/lz4-java-1.8.0.jar:/home/ffernandes/Roachberry/kafka/bin/../libs/maven-artifact-3.9.6.jar:/home/ffernandes/Roachberry/kafka/bin/../libs/metrics-core-2.2.0.jar:/home/ffernandes/Roachberry/kafka/bin/../libs/metrics-core-4.1.12.1.jar:/home/ffernandes/Roachberry/kafka/bin/../libs/netty-buffer-4.1.110.Final.jar:/home/ffernandes/Roachberry/kafka/bin/../libs/netty-codec-4.1.110.Final.jar:/home/ffernandes/Roachberry/kafka/bin/../libs/netty-common-4.1.110.Final.jar:/home/ffernandes/Roachberry/kafka/bin/../libs/netty-handler-4.1.110.Final.jar:/home/ffernandes/Roachberry/kafka/bin/../libs/netty-resolver-4.1.110.Final.jar:/home/ffernandes/Roachberry/kafka/bin/../libs/netty-transport-4.1.110.Final.jar:/home/ffernandes/Roachberry/kafka/bin/../libs/netty-transport-classes-epoll-4.1.110.Final.jar:/home/ffernandes/Roachberry/kafka/bin/../libs/netty-transport-native-epoll-4.1.110.Final.jar:/home/ffernandes/Roachberry/kafka/bin/../libs/netty-transport-native-unix-common-4.1.110.Final.jar:/home/ffernandes/Roachberry/kafka/bin/../libs/opentelemetry-proto-1.0.0-alpha.jar:/home/ffernandes/Roachberry/kafka/bin/../libs/osgi-resource-locator-1.0.3.jar:/home/ffernandes/Roachberry/kafka/bin/../libs/paranamer-2.8.jar:/home/ffernandes/Roachberry/kafka/bin/../libs/pcollections-4.0.1.jar:/home/ffernandes/Roachberry/kafka/bin/../libs/plexus-utils-3.5.1.jar:/home/ffernandes/Roachberry/kafka/bin/../libs/protobuf-java-3.23.4.jar:/home/ffernandes/Roachberry/kafka/bin/../libs/reflections-0.10.2.jar:/home/ffernandes/Roachberry/kafka/bin/../libs/reload4j-1.2.25.jar:/home/ffernandes/Roachberry/kafka/bin/../libs/rocksdbjni-7.9.2.jar:/home/ffernandes/Roachberry/kafka/bin/../libs/scala-collection-compat_2.13-2.10.0.jar:/home/ffernandes/Roachberry/kafka/bin/../libs/scala-java8-compat_2.13-1.0.2.jar:/home/ffernandes/Roachberry/kafka/bin/../libs/scala-library-2.13.14.jar:/home/ffernandes/Roachberry/kafka/bin/../libs/scala-logging_2.13-3.9.4.jar:/home/ffernandes/Roachberry/kafka/bin/../libs/scala-reflect-2.13.14.jar:/home/ffernandes/Roachberry/kafka/bin/../libs/slf4j-api-1.7.36.jar:/home/ffernandes/Roachberry/kafka/bin/../libs/slf4j-reload4j-1.7.36.jar:/home/ffernandes/Roachberry/kafka/bin/../libs/snappy-java-1.1.10.5.jar:/home/ffernandes/Roachberry/kafka/bin/../libs/swagger-annotations-2.2.8.jar:/home/ffernandes/Roachberry/kafka/bin/../libs/trogdor-3.8.0.jar:/home/ffernandes/Roachberry/kafka/bin/../libs/zookeeper-3.8.4.jar:/home/ffernandes/Roachberry/kafka/bin/../libs/zookeeper-jute-3.8.4.jar:/home/ffernandes/Roachberry/kafka/bin/../libs/zstd-jni-1.5.6-3.jar
	os.spec = Linux, amd64, 6.8.0-40-generic
	os.vcpus = 8
 (org.apache.kafka.connect.runtime.WorkerInfo:71)
[2024-09-18 15:34:56,987] INFO Scanning for plugin classes. This might take a moment ... (org.apache.kafka.connect.cli.AbstractConnectCli:120)
[2024-09-18 15:34:57,013] INFO Loading plugin from: /home/ffernandes/Roachberry/kafka/libs/connect-file-3.8.0.jar (org.apache.kafka.connect.runtime.isolation.PluginScanner:75)
[2024-09-18 15:34:57,210] INFO Registered loader: PluginClassLoader{pluginLocation=file:/home/ffernandes/Roachberry/kafka/libs/connect-file-3.8.0.jar} (org.apache.kafka.connect.runtime.isolation.PluginScanner:80)
[2024-09-18 15:34:57,211] INFO Loading plugin from: classpath (org.apache.kafka.connect.runtime.isolation.PluginScanner:75)
[2024-09-18 15:34:57,217] INFO Registered loader: sun.misc.Launcher$AppClassLoader@764c12b6 (org.apache.kafka.connect.runtime.isolation.PluginScanner:80)
[2024-09-18 15:34:57,217] INFO Scanning plugins with ServiceLoaderScanner took 206 ms (org.apache.kafka.connect.runtime.isolation.PluginScanner:70)
[2024-09-18 15:34:57,218] INFO Loading plugin from: /home/ffernandes/Roachberry/kafka/libs/connect-file-3.8.0.jar (org.apache.kafka.connect.runtime.isolation.PluginScanner:75)
[2024-09-18 15:34:57,272] INFO Registered loader: PluginClassLoader{pluginLocation=file:/home/ffernandes/Roachberry/kafka/libs/connect-file-3.8.0.jar} (org.apache.kafka.connect.runtime.isolation.PluginScanner:80)
[2024-09-18 15:34:57,272] INFO Loading plugin from: classpath (org.apache.kafka.connect.runtime.isolation.PluginScanner:75)
[2024-09-18 15:34:59,218] INFO Registered loader: sun.misc.Launcher$AppClassLoader@764c12b6 (org.apache.kafka.connect.runtime.isolation.PluginScanner:80)
[2024-09-18 15:34:59,219] INFO Scanning plugins with ReflectionScanner took 2001 ms (org.apache.kafka.connect.runtime.isolation.PluginScanner:70)
[2024-09-18 15:34:59,222] WARN All plugins have ServiceLoader manifests, consider reconfiguring plugin.discovery=service_load (org.apache.kafka.connect.runtime.isolation.Plugins:105)
[2024-09-18 15:34:59,223] INFO Added plugin 'org.apache.kafka.connect.transforms.ReplaceField$Key' (org.apache.kafka.connect.runtime.isolation.DelegatingClassLoader:105)
[2024-09-18 15:34:59,223] INFO Added plugin 'org.apache.kafka.connect.transforms.Filter' (org.apache.kafka.connect.runtime.isolation.DelegatingClassLoader:105)
[2024-09-18 15:34:59,223] INFO Added plugin 'org.apache.kafka.connect.mirror.MirrorSourceConnector' (org.apache.kafka.connect.runtime.isolation.DelegatingClassLoader:105)
[2024-09-18 15:34:59,223] INFO Added plugin 'org.apache.kafka.connect.transforms.InsertField$Value' (org.apache.kafka.connect.runtime.isolation.DelegatingClassLoader:105)
[2024-09-18 15:34:59,223] INFO Added plugin 'org.apache.kafka.connect.converters.DoubleConverter' (org.apache.kafka.connect.runtime.isolation.DelegatingClassLoader:105)
[2024-09-18 15:34:59,224] INFO Added plugin 'org.apache.kafka.connect.connector.policy.AllConnectorClientConfigOverridePolicy' (org.apache.kafka.connect.runtime.isolation.DelegatingClassLoader:105)
[2024-09-18 15:34:59,224] INFO Added plugin 'org.apache.kafka.connect.connector.policy.PrincipalConnectorClientConfigOverridePolicy' (org.apache.kafka.connect.runtime.isolation.DelegatingClassLoader:105)
[2024-09-18 15:34:59,224] INFO Added plugin 'org.apache.kafka.connect.transforms.DropHeaders' (org.apache.kafka.connect.runtime.isolation.DelegatingClassLoader:105)
[2024-09-18 15:34:59,224] INFO Added plugin 'org.apache.kafka.connect.transforms.Cast$Key' (org.apache.kafka.connect.runtime.isolation.DelegatingClassLoader:105)
[2024-09-18 15:34:59,224] INFO Added plugin 'org.apache.kafka.connect.storage.SimpleHeaderConverter' (org.apache.kafka.connect.runtime.isolation.DelegatingClassLoader:105)
[2024-09-18 15:34:59,224] INFO Added plugin 'org.apache.kafka.connect.transforms.InsertHeader' (org.apache.kafka.connect.runtime.isolation.DelegatingClassLoader:105)
[2024-09-18 15:34:59,224] INFO Added plugin 'org.apache.kafka.common.config.provider.DirectoryConfigProvider' (org.apache.kafka.connect.runtime.isolation.DelegatingClassLoader:105)
[2024-09-18 15:34:59,224] INFO Added plugin 'org.apache.kafka.connect.transforms.Flatten$Key' (org.apache.kafka.connect.runtime.isolation.DelegatingClassLoader:105)
[2024-09-18 15:34:59,224] INFO Added plugin 'org.apache.kafka.connect.mirror.MirrorCheckpointConnector' (org.apache.kafka.connect.runtime.isolation.DelegatingClassLoader:105)
[2024-09-18 15:34:59,224] INFO Added plugin 'org.apache.kafka.connect.transforms.HeaderFrom$Value' (org.apache.kafka.connect.runtime.isolation.DelegatingClassLoader:105)
[2024-09-18 15:34:59,224] INFO Added plugin 'org.apache.kafka.connect.transforms.SetSchemaMetadata$Key' (org.apache.kafka.connect.runtime.isolation.DelegatingClassLoader:105)
[2024-09-18 15:34:59,224] INFO Added plugin 'org.apache.kafka.connect.transforms.predicates.TopicNameMatches' (org.apache.kafka.connect.runtime.isolation.DelegatingClassLoader:105)
[2024-09-18 15:34:59,224] INFO Added plugin 'org.apache.kafka.connect.transforms.ReplaceField$Value' (org.apache.kafka.connect.runtime.isolation.DelegatingClassLoader:105)
[2024-09-18 15:34:59,225] INFO Added plugin 'org.apache.kafka.connect.transforms.SetSchemaMetadata$Value' (org.apache.kafka.connect.runtime.isolation.DelegatingClassLoader:105)
[2024-09-18 15:34:59,225] INFO Added plugin 'org.apache.kafka.connect.converters.IntegerConverter' (org.apache.kafka.connect.runtime.isolation.DelegatingClassLoader:105)
[2024-09-18 15:34:59,225] INFO Added plugin 'org.apache.kafka.connect.transforms.predicates.RecordIsTombstone' (org.apache.kafka.connect.runtime.isolation.DelegatingClassLoader:105)
[2024-09-18 15:34:59,225] INFO Added plugin 'org.apache.kafka.connect.connector.policy.NoneConnectorClientConfigOverridePolicy' (org.apache.kafka.connect.runtime.isolation.DelegatingClassLoader:105)
[2024-09-18 15:34:59,225] INFO Added plugin 'org.apache.kafka.connect.converters.ByteArrayConverter' (org.apache.kafka.connect.runtime.isolation.DelegatingClassLoader:105)
[2024-09-18 15:34:59,225] INFO Added plugin 'org.apache.kafka.connect.transforms.Cast$Value' (org.apache.kafka.connect.runtime.isolation.DelegatingClassLoader:105)
[2024-09-18 15:34:59,225] INFO Added plugin 'org.apache.kafka.connect.transforms.Flatten$Value' (org.apache.kafka.connect.runtime.isolation.DelegatingClassLoader:105)
[2024-09-18 15:34:59,225] INFO Added plugin 'org.apache.kafka.connect.rest.basic.auth.extension.BasicAuthSecurityRestExtension' (org.apache.kafka.connect.runtime.isolation.DelegatingClassLoader:105)
[2024-09-18 15:34:59,225] INFO Added plugin 'org.apache.kafka.connect.transforms.ExtractField$Value' (org.apache.kafka.connect.runtime.isolation.DelegatingClassLoader:105)
[2024-09-18 15:34:59,225] INFO Added plugin 'org.apache.kafka.connect.transforms.TimestampConverter$Value' (org.apache.kafka.connect.runtime.isolation.DelegatingClassLoader:105)
[2024-09-18 15:34:59,225] INFO Added plugin 'org.apache.kafka.connect.converters.FloatConverter' (org.apache.kafka.connect.runtime.isolation.DelegatingClassLoader:105)
[2024-09-18 15:34:59,225] INFO Added plugin 'org.apache.kafka.connect.transforms.TimestampConverter$Key' (org.apache.kafka.connect.runtime.isolation.DelegatingClassLoader:105)
[2024-09-18 15:34:59,225] INFO Added plugin 'org.apache.kafka.connect.transforms.TimestampRouter' (org.apache.kafka.connect.runtime.isolation.DelegatingClassLoader:105)
[2024-09-18 15:34:59,225] INFO Added plugin 'org.apache.kafka.connect.transforms.RegexRouter' (org.apache.kafka.connect.runtime.isolation.DelegatingClassLoader:105)
[2024-09-18 15:34:59,226] INFO Added plugin 'org.apache.kafka.connect.transforms.HoistField$Value' (org.apache.kafka.connect.runtime.isolation.DelegatingClassLoader:105)
[2024-09-18 15:34:59,226] INFO Added plugin 'org.apache.kafka.connect.transforms.ValueToKey' (org.apache.kafka.connect.runtime.isolation.DelegatingClassLoader:105)
[2024-09-18 15:34:59,226] INFO Added plugin 'org.apache.kafka.connect.converters.LongConverter' (org.apache.kafka.connect.runtime.isolation.DelegatingClassLoader:105)
[2024-09-18 15:34:59,226] INFO Added plugin 'org.apache.kafka.common.config.provider.FileConfigProvider' (org.apache.kafka.connect.runtime.isolation.DelegatingClassLoader:105)
[2024-09-18 15:34:59,226] INFO Added plugin 'org.apache.kafka.connect.json.JsonConverter' (org.apache.kafka.connect.runtime.isolation.DelegatingClassLoader:105)
[2024-09-18 15:34:59,226] INFO Added plugin 'org.apache.kafka.connect.transforms.HeaderFrom$Key' (org.apache.kafka.connect.runtime.isolation.DelegatingClassLoader:105)
[2024-09-18 15:34:59,226] INFO Added plugin 'org.apache.kafka.connect.transforms.predicates.HasHeaderKey' (org.apache.kafka.connect.runtime.isolation.DelegatingClassLoader:105)
[2024-09-18 15:34:59,226] INFO Added plugin 'org.apache.kafka.connect.transforms.MaskField$Value' (org.apache.kafka.connect.runtime.isolation.DelegatingClassLoader:105)
[2024-09-18 15:34:59,226] INFO Added plugin 'org.apache.kafka.connect.file.FileStreamSourceConnector' (org.apache.kafka.connect.runtime.isolation.DelegatingClassLoader:105)
[2024-09-18 15:34:59,226] INFO Added plugin 'org.apache.kafka.common.config.provider.EnvVarConfigProvider' (org.apache.kafka.connect.runtime.isolation.DelegatingClassLoader:105)
[2024-09-18 15:34:59,226] INFO Added plugin 'org.apache.kafka.connect.storage.StringConverter' (org.apache.kafka.connect.runtime.isolation.DelegatingClassLoader:105)
[2024-09-18 15:34:59,226] INFO Added plugin 'org.apache.kafka.connect.transforms.MaskField$Key' (org.apache.kafka.connect.runtime.isolation.DelegatingClassLoader:105)
[2024-09-18 15:34:59,226] INFO Added plugin 'org.apache.kafka.connect.transforms.ExtractField$Key' (org.apache.kafka.connect.runtime.isolation.DelegatingClassLoader:105)
[2024-09-18 15:34:59,226] INFO Added plugin 'org.apache.kafka.connect.transforms.InsertField$Key' (org.apache.kafka.connect.runtime.isolation.DelegatingClassLoader:105)
[2024-09-18 15:34:59,227] INFO Added plugin 'org.apache.kafka.connect.file.FileStreamSinkConnector' (org.apache.kafka.connect.runtime.isolation.DelegatingClassLoader:105)
[2024-09-18 15:34:59,227] INFO Added plugin 'org.apache.kafka.connect.converters.BooleanConverter' (org.apache.kafka.connect.runtime.isolation.DelegatingClassLoader:105)
[2024-09-18 15:34:59,227] INFO Added plugin 'org.apache.kafka.connect.mirror.MirrorHeartbeatConnector' (org.apache.kafka.connect.runtime.isolation.DelegatingClassLoader:105)
[2024-09-18 15:34:59,227] INFO Added plugin 'org.apache.kafka.connect.transforms.HoistField$Key' (org.apache.kafka.connect.runtime.isolation.DelegatingClassLoader:105)
[2024-09-18 15:34:59,227] INFO Added plugin 'org.apache.kafka.connect.converters.ShortConverter' (org.apache.kafka.connect.runtime.isolation.DelegatingClassLoader:105)
[2024-09-18 15:34:59,229] INFO Added alias 'RecordIsTombstone' to plugin 'org.apache.kafka.connect.transforms.predicates.RecordIsTombstone' (org.apache.kafka.connect.runtime.isolation.DelegatingClassLoader:109)
[2024-09-18 15:34:59,229] INFO Added alias 'String' to plugin 'org.apache.kafka.connect.storage.StringConverter' (org.apache.kafka.connect.runtime.isolation.DelegatingClassLoader:109)
[2024-09-18 15:34:59,230] INFO Added alias 'FileStreamSource' to plugin 'org.apache.kafka.connect.file.FileStreamSourceConnector' (org.apache.kafka.connect.runtime.isolation.DelegatingClassLoader:109)
[2024-09-18 15:34:59,230] INFO Added alias 'EnvVar' to plugin 'org.apache.kafka.common.config.provider.EnvVarConfigProvider' (org.apache.kafka.connect.runtime.isolation.DelegatingClassLoader:109)
[2024-09-18 15:34:59,230] INFO Added alias 'EnvVarConfigProvider' to plugin 'org.apache.kafka.common.config.provider.EnvVarConfigProvider' (org.apache.kafka.connect.runtime.isolation.DelegatingClassLoader:109)
[2024-09-18 15:34:59,230] INFO Added alias 'MirrorCheckpointConnector' to plugin 'org.apache.kafka.connect.mirror.MirrorCheckpointConnector' (org.apache.kafka.connect.runtime.isolation.DelegatingClassLoader:109)
[2024-09-18 15:34:59,230] INFO Added alias 'Boolean' to plugin 'org.apache.kafka.connect.converters.BooleanConverter' (org.apache.kafka.connect.runtime.isolation.DelegatingClassLoader:109)
[2024-09-18 15:34:59,230] INFO Added alias 'Json' to plugin 'org.apache.kafka.connect.json.JsonConverter' (org.apache.kafka.connect.runtime.isolation.DelegatingClassLoader:109)
[2024-09-18 15:34:59,230] INFO Added alias 'StringConverter' to plugin 'org.apache.kafka.connect.storage.StringConverter' (org.apache.kafka.connect.runtime.isolation.DelegatingClassLoader:109)
[2024-09-18 15:34:59,230] INFO Added alias 'IntegerConverter' to plugin 'org.apache.kafka.connect.converters.IntegerConverter' (org.apache.kafka.connect.runtime.isolation.DelegatingClassLoader:109)
[2024-09-18 15:34:59,230] INFO Added alias 'Float' to plugin 'org.apache.kafka.connect.converters.FloatConverter' (org.apache.kafka.connect.runtime.isolation.DelegatingClassLoader:109)
[2024-09-18 15:34:59,231] INFO Added alias 'LongConverter' to plugin 'org.apache.kafka.connect.converters.LongConverter' (org.apache.kafka.connect.runtime.isolation.DelegatingClassLoader:109)
[2024-09-18 15:34:59,231] INFO Added alias 'DropHeaders' to plugin 'org.apache.kafka.connect.transforms.DropHeaders' (org.apache.kafka.connect.runtime.isolation.DelegatingClassLoader:109)
[2024-09-18 15:34:59,231] INFO Added alias 'SimpleHeaderConverter' to plugin 'org.apache.kafka.connect.storage.SimpleHeaderConverter' (org.apache.kafka.connect.runtime.isolation.DelegatingClassLoader:109)
[2024-09-18 15:34:59,231] INFO Added alias 'FileStreamSinkConnector' to plugin 'org.apache.kafka.connect.file.FileStreamSinkConnector' (org.apache.kafka.connect.runtime.isolation.DelegatingClassLoader:109)
[2024-09-18 15:34:59,231] INFO Added alias 'DirectoryConfigProvider' to plugin 'org.apache.kafka.common.config.provider.DirectoryConfigProvider' (org.apache.kafka.connect.runtime.isolation.DelegatingClassLoader:109)
[2024-09-18 15:34:59,231] INFO Added alias 'ShortConverter' to plugin 'org.apache.kafka.connect.converters.ShortConverter' (org.apache.kafka.connect.runtime.isolation.DelegatingClassLoader:109)
[2024-09-18 15:34:59,231] INFO Added alias 'BasicAuthSecurityRestExtension' to plugin 'org.apache.kafka.connect.rest.basic.auth.extension.BasicAuthSecurityRestExtension' (org.apache.kafka.connect.runtime.isolation.DelegatingClassLoader:109)
[2024-09-18 15:34:59,231] INFO Added alias 'Simple' to plugin 'org.apache.kafka.connect.storage.SimpleHeaderConverter' (org.apache.kafka.connect.runtime.isolation.DelegatingClassLoader:109)
[2024-09-18 15:34:59,231] INFO Added alias 'AllConnectorClientConfigOverridePolicy' to plugin 'org.apache.kafka.connect.connector.policy.AllConnectorClientConfigOverridePolicy' (org.apache.kafka.connect.runtime.isolation.DelegatingClassLoader:109)
[2024-09-18 15:34:59,231] INFO Added alias 'MirrorSource' to plugin 'org.apache.kafka.connect.mirror.MirrorSourceConnector' (org.apache.kafka.connect.runtime.isolation.DelegatingClassLoader:109)
[2024-09-18 15:34:59,232] INFO Added alias 'Directory' to plugin 'org.apache.kafka.common.config.provider.DirectoryConfigProvider' (org.apache.kafka.connect.runtime.isolation.DelegatingClassLoader:109)
[2024-09-18 15:34:59,232] INFO Added alias 'MirrorHeartbeat' to plugin 'org.apache.kafka.connect.mirror.MirrorHeartbeatConnector' (org.apache.kafka.connect.runtime.isolation.DelegatingClassLoader:109)
[2024-09-18 15:34:59,232] INFO Added alias 'FileStreamSourceConnector' to plugin 'org.apache.kafka.connect.file.FileStreamSourceConnector' (org.apache.kafka.connect.runtime.isolation.DelegatingClassLoader:109)
[2024-09-18 15:34:59,232] INFO Added alias 'BooleanConverter' to plugin 'org.apache.kafka.connect.converters.BooleanConverter' (org.apache.kafka.connect.runtime.isolation.DelegatingClassLoader:109)
[2024-09-18 15:34:59,232] INFO Added alias 'HasHeaderKey' to plugin 'org.apache.kafka.connect.transforms.predicates.HasHeaderKey' (org.apache.kafka.connect.runtime.isolation.DelegatingClassLoader:109)
[2024-09-18 15:34:59,232] INFO Added alias 'MirrorCheckpoint' to plugin 'org.apache.kafka.connect.mirror.MirrorCheckpointConnector' (org.apache.kafka.connect.runtime.isolation.DelegatingClassLoader:109)
[2024-09-18 15:34:59,232] INFO Added alias 'None' to plugin 'org.apache.kafka.connect.connector.policy.NoneConnectorClientConfigOverridePolicy' (org.apache.kafka.connect.runtime.isolation.DelegatingClassLoader:109)
[2024-09-18 15:34:59,232] INFO Added alias 'TimestampRouter' to plugin 'org.apache.kafka.connect.transforms.TimestampRouter' (org.apache.kafka.connect.runtime.isolation.DelegatingClassLoader:109)
[2024-09-18 15:34:59,232] INFO Added alias 'Principal' to plugin 'org.apache.kafka.connect.connector.policy.PrincipalConnectorClientConfigOverridePolicy' (org.apache.kafka.connect.runtime.isolation.DelegatingClassLoader:109)
[2024-09-18 15:34:59,232] INFO Added alias 'All' to plugin 'org.apache.kafka.connect.connector.policy.AllConnectorClientConfigOverridePolicy' (org.apache.kafka.connect.runtime.isolation.DelegatingClassLoader:109)
[2024-09-18 15:34:59,233] INFO Added alias 'JsonConverter' to plugin 'org.apache.kafka.connect.json.JsonConverter' (org.apache.kafka.connect.runtime.isolation.DelegatingClassLoader:109)
[2024-09-18 15:34:59,233] INFO Added alias 'RegexRouter' to plugin 'org.apache.kafka.connect.transforms.RegexRouter' (org.apache.kafka.connect.runtime.isolation.DelegatingClassLoader:109)
[2024-09-18 15:34:59,233] INFO Added alias 'ByteArray' to plugin 'org.apache.kafka.connect.converters.ByteArrayConverter' (org.apache.kafka.connect.runtime.isolation.DelegatingClassLoader:109)
[2024-09-18 15:34:59,233] INFO Added alias 'NoneConnectorClientConfigOverridePolicy' to plugin 'org.apache.kafka.connect.connector.policy.NoneConnectorClientConfigOverridePolicy' (org.apache.kafka.connect.runtime.isolation.DelegatingClassLoader:109)
[2024-09-18 15:34:59,233] INFO Added alias 'Short' to plugin 'org.apache.kafka.connect.converters.ShortConverter' (org.apache.kafka.connect.runtime.isolation.DelegatingClassLoader:109)
[2024-09-18 15:34:59,233] INFO Added alias 'Double' to plugin 'org.apache.kafka.connect.converters.DoubleConverter' (org.apache.kafka.connect.runtime.isolation.DelegatingClassLoader:109)
[2024-09-18 15:34:59,233] INFO Added alias 'FileConfigProvider' to plugin 'org.apache.kafka.common.config.provider.FileConfigProvider' (org.apache.kafka.connect.runtime.isolation.DelegatingClassLoader:109)
[2024-09-18 15:34:59,233] INFO Added alias 'Long' to plugin 'org.apache.kafka.connect.converters.LongConverter' (org.apache.kafka.connect.runtime.isolation.DelegatingClassLoader:109)
[2024-09-18 15:34:59,233] INFO Added alias 'File' to plugin 'org.apache.kafka.common.config.provider.FileConfigProvider' (org.apache.kafka.connect.runtime.isolation.DelegatingClassLoader:109)
[2024-09-18 15:34:59,234] INFO Added alias 'FloatConverter' to plugin 'org.apache.kafka.connect.converters.FloatConverter' (org.apache.kafka.connect.runtime.isolation.DelegatingClassLoader:109)
[2024-09-18 15:34:59,234] INFO Added alias 'ByteArrayConverter' to plugin 'org.apache.kafka.connect.converters.ByteArrayConverter' (org.apache.kafka.connect.runtime.isolation.DelegatingClassLoader:109)
[2024-09-18 15:34:59,234] INFO Added alias 'FileStreamSink' to plugin 'org.apache.kafka.connect.file.FileStreamSinkConnector' (org.apache.kafka.connect.runtime.isolation.DelegatingClassLoader:109)
[2024-09-18 15:34:59,234] INFO Added alias 'DoubleConverter' to plugin 'org.apache.kafka.connect.converters.DoubleConverter' (org.apache.kafka.connect.runtime.isolation.DelegatingClassLoader:109)
[2024-09-18 15:34:59,234] INFO Added alias 'TopicNameMatches' to plugin 'org.apache.kafka.connect.transforms.predicates.TopicNameMatches' (org.apache.kafka.connect.runtime.isolation.DelegatingClassLoader:109)
[2024-09-18 15:34:59,234] INFO Added alias 'MirrorHeartbeatConnector' to plugin 'org.apache.kafka.connect.mirror.MirrorHeartbeatConnector' (org.apache.kafka.connect.runtime.isolation.DelegatingClassLoader:109)
[2024-09-18 15:34:59,234] INFO Added alias 'InsertHeader' to plugin 'org.apache.kafka.connect.transforms.InsertHeader' (org.apache.kafka.connect.runtime.isolation.DelegatingClassLoader:109)
[2024-09-18 15:34:59,234] INFO Added alias 'MirrorSourceConnector' to plugin 'org.apache.kafka.connect.mirror.MirrorSourceConnector' (org.apache.kafka.connect.runtime.isolation.DelegatingClassLoader:109)
[2024-09-18 15:34:59,234] INFO Added alias 'PrincipalConnectorClientConfigOverridePolicy' to plugin 'org.apache.kafka.connect.connector.policy.PrincipalConnectorClientConfigOverridePolicy' (org.apache.kafka.connect.runtime.isolation.DelegatingClassLoader:109)
[2024-09-18 15:34:59,234] INFO Added alias 'ValueToKey' to plugin 'org.apache.kafka.connect.transforms.ValueToKey' (org.apache.kafka.connect.runtime.isolation.DelegatingClassLoader:109)
[2024-09-18 15:34:59,235] INFO Added alias 'Integer' to plugin 'org.apache.kafka.connect.converters.IntegerConverter' (org.apache.kafka.connect.runtime.isolation.DelegatingClassLoader:109)
[2024-09-18 15:34:59,235] INFO Added alias 'Filter' to plugin 'org.apache.kafka.connect.transforms.Filter' (org.apache.kafka.connect.runtime.isolation.DelegatingClassLoader:109)
[2024-09-18 15:34:59,247] INFO StandaloneConfig values: 
	access.control.allow.methods = 
	access.control.allow.origin = 
	admin.listeners = null
	auto.include.jmx.reporter = true
	bootstrap.servers = [localhost:9092]
	client.dns.lookup = use_all_dns_ips
	config.providers = []
	connector.client.config.override.policy = All
	header.converter = class org.apache.kafka.connect.storage.SimpleHeaderConverter
	key.converter = class org.apache.kafka.connect.json.JsonConverter
	listeners = [http://:8083]
	metric.reporters = []
	metrics.num.samples = 2
	metrics.recording.level = INFO
	metrics.sample.window.ms = 30000
	offset.flush.interval.ms = 10000
	offset.flush.timeout.ms = 5000
	offset.storage.file.filename = /tmp/connect.offsets
	plugin.discovery = hybrid_warn
	plugin.path = [libs/connect-file-3.8.0.jar]
	response.http.headers.config = 
	rest.advertised.host.name = null
	rest.advertised.listener = null
	rest.advertised.port = null
	rest.extension.classes = []
	ssl.cipher.suites = null
	ssl.client.auth = none
	ssl.enabled.protocols = [TLSv1.2]
	ssl.endpoint.identification.algorithm = https
	ssl.engine.factory.class = null
	ssl.key.password = null
	ssl.keymanager.algorithm = SunX509
	ssl.keystore.certificate.chain = null
	ssl.keystore.key = null
	ssl.keystore.location = null
	ssl.keystore.password = null
	ssl.keystore.type = JKS
	ssl.protocol = TLSv1.2
	ssl.provider = null
	ssl.secure.random.implementation = null
	ssl.trustmanager.algorithm = PKIX
	ssl.truststore.certificates = null
	ssl.truststore.location = null
	ssl.truststore.password = null
	ssl.truststore.type = JKS
	task.shutdown.graceful.timeout.ms = 5000
	topic.creation.enable = true
	topic.tracking.allow.reset = true
	topic.tracking.enable = true
	value.converter = class org.apache.kafka.connect.json.JsonConverter
 (org.apache.kafka.connect.runtime.standalone.StandaloneConfig:372)
[2024-09-18 15:34:59,248] INFO Creating Kafka admin client (org.apache.kafka.connect.runtime.WorkerConfig:283)
[2024-09-18 15:34:59,253] INFO AdminClientConfig values: 
	auto.include.jmx.reporter = true
	bootstrap.controllers = []
	bootstrap.servers = [localhost:9092]
	client.dns.lookup = use_all_dns_ips
	client.id = 
	connections.max.idle.ms = 300000
	default.api.timeout.ms = 60000
	enable.metrics.push = true
	metadata.max.age.ms = 300000
	metadata.recovery.strategy = none
	metric.reporters = []
	metrics.num.samples = 2
	metrics.recording.level = INFO
	metrics.sample.window.ms = 30000
	receive.buffer.bytes = 65536
	reconnect.backoff.max.ms = 1000
	reconnect.backoff.ms = 50
	request.timeout.ms = 30000
	retries = 2147483647
	retry.backoff.max.ms = 1000
	retry.backoff.ms = 100
	sasl.client.callback.handler.class = null
	sasl.jaas.config = null
	sasl.kerberos.kinit.cmd = /usr/bin/kinit
	sasl.kerberos.min.time.before.relogin = 60000
	sasl.kerberos.service.name = null
	sasl.kerberos.ticket.renew.jitter = 0.05
	sasl.kerberos.ticket.renew.window.factor = 0.8
	sasl.login.callback.handler.class = null
	sasl.login.class = null
	sasl.login.connect.timeout.ms = null
	sasl.login.read.timeout.ms = null
	sasl.login.refresh.buffer.seconds = 300
	sasl.login.refresh.min.period.seconds = 60
	sasl.login.refresh.window.factor = 0.8
	sasl.login.refresh.window.jitter = 0.05
	sasl.login.retry.backoff.max.ms = 10000
	sasl.login.retry.backoff.ms = 100
	sasl.mechanism = GSSAPI
	sasl.oauthbearer.clock.skew.seconds = 30
	sasl.oauthbearer.expected.audience = null
	sasl.oauthbearer.expected.issuer = null
	sasl.oauthbearer.jwks.endpoint.refresh.ms = 3600000
	sasl.oauthbearer.jwks.endpoint.retry.backoff.max.ms = 10000
	sasl.oauthbearer.jwks.endpoint.retry.backoff.ms = 100
	sasl.oauthbearer.jwks.endpoint.url = null
	sasl.oauthbearer.scope.claim.name = scope
	sasl.oauthbearer.sub.claim.name = sub
	sasl.oauthbearer.token.endpoint.url = null
	security.protocol = PLAINTEXT
	security.providers = null
	send.buffer.bytes = 131072
	socket.connection.setup.timeout.max.ms = 30000
	socket.connection.setup.timeout.ms = 10000
	ssl.cipher.suites = null
	ssl.enabled.protocols = [TLSv1.2]
	ssl.endpoint.identification.algorithm = https
	ssl.engine.factory.class = null
	ssl.key.password = null
	ssl.keymanager.algorithm = SunX509
	ssl.keystore.certificate.chain = null
	ssl.keystore.key = null
	ssl.keystore.location = null
	ssl.keystore.password = null
	ssl.keystore.type = JKS
	ssl.protocol = TLSv1.2
	ssl.provider = null
	ssl.secure.random.implementation = null
	ssl.trustmanager.algorithm = PKIX
	ssl.truststore.certificates = null
	ssl.truststore.location = null
	ssl.truststore.password = null
	ssl.truststore.type = JKS
 (org.apache.kafka.clients.admin.AdminClientConfig:372)
[2024-09-18 15:34:59,318] INFO These configurations '[offset.flush.interval.ms, key.converter.schemas.enable, offset.storage.file.filename, value.converter.schemas.enable, plugin.path, value.converter, key.converter]' were supplied but are not used yet. (org.apache.kafka.clients.admin.AdminClientConfig:381)
[2024-09-18 15:34:59,319] INFO Kafka version: 3.8.0 (org.apache.kafka.common.utils.AppInfoParser:124)
[2024-09-18 15:34:59,319] INFO Kafka commitId: 771b9576b00ecf5b (org.apache.kafka.common.utils.AppInfoParser:125)
[2024-09-18 15:34:59,319] INFO Kafka startTimeMs: 1726684499318 (org.apache.kafka.common.utils.AppInfoParser:126)
[2024-09-18 15:34:59,661] INFO Kafka cluster ID: yUbvHOOHSaGuF56uaktdwg (org.apache.kafka.connect.runtime.WorkerConfig:300)
[2024-09-18 15:34:59,662] INFO App info kafka.admin.client for adminclient-1 unregistered (org.apache.kafka.common.utils.AppInfoParser:88)
[2024-09-18 15:34:59,668] INFO Metrics scheduler closed (org.apache.kafka.common.metrics.Metrics:684)
[2024-09-18 15:34:59,668] INFO Closing reporter org.apache.kafka.common.metrics.JmxReporter (org.apache.kafka.common.metrics.Metrics:688)
[2024-09-18 15:34:59,668] INFO Metrics reporters closed (org.apache.kafka.common.metrics.Metrics:694)
[2024-09-18 15:34:59,675] INFO PublicConfig values: 
	access.control.allow.methods = 
	access.control.allow.origin = 
	admin.listeners = null
	listeners = [http://:8083]
	response.http.headers.config = 
	rest.advertised.host.name = null
	rest.advertised.listener = null
	rest.advertised.port = null
	rest.extension.classes = []
	ssl.cipher.suites = null
	ssl.client.auth = none
	ssl.enabled.protocols = [TLSv1.2]
	ssl.endpoint.identification.algorithm = https
	ssl.engine.factory.class = null
	ssl.key.password = null
	ssl.keymanager.algorithm = SunX509
	ssl.keystore.certificate.chain = null
	ssl.keystore.key = null
	ssl.keystore.location = null
	ssl.keystore.password = null
	ssl.keystore.type = JKS
	ssl.protocol = TLSv1.2
	ssl.provider = null
	ssl.secure.random.implementation = null
	ssl.trustmanager.algorithm = PKIX
	ssl.truststore.certificates = null
	ssl.truststore.location = null
	ssl.truststore.password = null
	ssl.truststore.type = JKS
	topic.tracking.allow.reset = true
	topic.tracking.enable = true
 (org.apache.kafka.connect.runtime.rest.RestServerConfig$PublicConfig:372)
[2024-09-18 15:34:59,683] INFO Logging initialized @2983ms to org.eclipse.jetty.util.log.Slf4jLog (org.eclipse.jetty.util.log:170)
[2024-09-18 15:34:59,731] INFO Added connector for http://:8083 (org.apache.kafka.connect.runtime.rest.RestServer:121)
[2024-09-18 15:34:59,731] INFO Initializing REST server (org.apache.kafka.connect.runtime.rest.RestServer:192)
[2024-09-18 15:34:59,757] INFO jetty-9.4.54.v20240208; built: 2024-02-08T19:42:39.027Z; git: cef3fbd6d736a21e7d541a5db490381d95a2047d; jvm 1.8.0_422-8u422-b05-1~22.04-b05 (org.eclipse.jetty.server.Server:375)
[2024-09-18 15:34:59,779] INFO Started http_8083@7981963f{HTTP/1.1, (http/1.1)}{0.0.0.0:8083} (org.eclipse.jetty.server.AbstractConnector:333)
[2024-09-18 15:34:59,779] INFO Started @3080ms (org.eclipse.jetty.server.Server:415)
[2024-09-18 15:34:59,796] INFO Advertised URI: http://172.17.0.1:8083/ (org.apache.kafka.connect.runtime.rest.RestServer:412)
[2024-09-18 15:34:59,797] INFO REST server listening at http://172.17.0.1:8083/, advertising URL http://172.17.0.1:8083/ (org.apache.kafka.connect.runtime.rest.RestServer:212)
[2024-09-18 15:34:59,797] INFO Advertised URI: http://172.17.0.1:8083/ (org.apache.kafka.connect.runtime.rest.RestServer:412)
[2024-09-18 15:34:59,797] INFO REST admin endpoints at http://172.17.0.1:8083/ (org.apache.kafka.connect.runtime.rest.RestServer:215)
[2024-09-18 15:34:59,797] INFO Advertised URI: http://172.17.0.1:8083/ (org.apache.kafka.connect.runtime.rest.RestServer:412)
[2024-09-18 15:34:59,797] INFO Setting up All Policy for ConnectorClientConfigOverride. This will allow all client configurations to be overridden (org.apache.kafka.connect.connector.policy.AllConnectorClientConfigOverridePolicy:44)
[2024-09-18 15:34:59,799] INFO JsonConverterConfig values: 
	converter.type = key
	decimal.format = BASE64
	replace.null.with.default = true
	schemas.cache.size = 1000
	schemas.enable = false
 (org.apache.kafka.connect.json.JsonConverterConfig:372)
[2024-09-18 15:34:59,812] INFO Kafka version: 3.8.0 (org.apache.kafka.common.utils.AppInfoParser:124)
[2024-09-18 15:34:59,813] INFO Kafka commitId: 771b9576b00ecf5b (org.apache.kafka.common.utils.AppInfoParser:125)
[2024-09-18 15:34:59,813] INFO Kafka startTimeMs: 1726684499812 (org.apache.kafka.common.utils.AppInfoParser:126)
[2024-09-18 15:34:59,820] INFO JsonConverterConfig values: 
	converter.type = key
	decimal.format = BASE64
	replace.null.with.default = true
	schemas.cache.size = 1000
	schemas.enable = false
 (org.apache.kafka.connect.json.JsonConverterConfig:372)
[2024-09-18 15:34:59,821] INFO JsonConverterConfig values: 
	converter.type = value
	decimal.format = BASE64
	replace.null.with.default = true
	schemas.cache.size = 1000
	schemas.enable = false
 (org.apache.kafka.connect.json.JsonConverterConfig:372)
[2024-09-18 15:34:59,829] INFO Kafka Connect worker initialization took 2843ms (org.apache.kafka.connect.cli.AbstractConnectCli:141)
[2024-09-18 15:34:59,829] INFO Kafka Connect starting (org.apache.kafka.connect.runtime.Connect:51)
[2024-09-18 15:34:59,830] INFO Herder starting (org.apache.kafka.connect.runtime.standalone.StandaloneHerder:108)
[2024-09-18 15:34:59,830] INFO Worker starting (org.apache.kafka.connect.runtime.Worker:232)
[2024-09-18 15:34:59,831] INFO Starting FileOffsetBackingStore with file /tmp/connect.offsets (org.apache.kafka.connect.storage.FileOffsetBackingStore:63)
[2024-09-18 15:34:59,833] INFO Worker started (org.apache.kafka.connect.runtime.Worker:242)
[2024-09-18 15:34:59,833] INFO Herder started (org.apache.kafka.connect.runtime.standalone.StandaloneHerder:111)
[2024-09-18 15:34:59,834] INFO Initializing REST resources (org.apache.kafka.connect.runtime.rest.RestServer:219)
[2024-09-18 15:34:59,870] INFO Adding admin resources to main listener (org.apache.kafka.connect.runtime.rest.RestServer:234)
[2024-09-18 15:34:59,916] INFO DefaultSessionIdManager workerName=node0 (org.eclipse.jetty.server.session:334)
[2024-09-18 15:34:59,916] INFO No SessionScavenger set, using defaults (org.eclipse.jetty.server.session:339)
[2024-09-18 15:34:59,917] INFO node0 Scavenging every 660000ms (org.eclipse.jetty.server.session:132)
[2024-09-18 15:35:00,276] INFO Started o.e.j.s.ServletContextHandler@780546f8{/,null,AVAILABLE} (org.eclipse.jetty.server.handler.ContextHandler:921)
[2024-09-18 15:35:00,276] INFO REST resources initialized; server is started and ready to handle requests (org.apache.kafka.connect.runtime.rest.RestServer:299)
[2024-09-18 15:35:00,276] INFO Kafka Connect started (org.apache.kafka.connect.runtime.Connect:57)
[2024-09-18 15:35:14,148] INFO Kafka Connect stopping (org.apache.kafka.connect.runtime.Connect:67)
[2024-09-18 15:35:14,148] INFO Stopping REST server (org.apache.kafka.connect.runtime.rest.RestServer:354)
[2024-09-18 15:35:14,156] INFO Stopped http_8083@7981963f{HTTP/1.1, (http/1.1)}{0.0.0.0:8083} (org.eclipse.jetty.server.AbstractConnector:383)
[2024-09-18 15:35:14,156] INFO Stopped o.e.j.s.ServletContextHandler@780546f8{/,null,STOPPED} (org.eclipse.jetty.server.handler.ContextHandler:1159)
[2024-09-18 15:35:14,157] INFO node0 Stopped scavenging (org.eclipse.jetty.server.session:149)
[2024-09-18 15:35:14,161] INFO REST server stopped (org.apache.kafka.connect.runtime.rest.RestServer:383)
[2024-09-18 15:35:14,161] INFO Herder stopping (org.apache.kafka.connect.runtime.standalone.StandaloneHerder:116)
[2024-09-18 15:35:14,162] INFO Worker stopping (org.apache.kafka.connect.runtime.Worker:249)
[2024-09-18 15:35:14,163] INFO Stopped FileOffsetBackingStore (org.apache.kafka.connect.storage.FileOffsetBackingStore:71)
[2024-09-18 15:35:14,163] INFO Metrics scheduler closed (org.apache.kafka.common.metrics.Metrics:684)
[2024-09-18 15:35:14,163] INFO Closing reporter org.apache.kafka.common.metrics.JmxReporter (org.apache.kafka.common.metrics.Metrics:688)
[2024-09-18 15:35:14,164] INFO Metrics reporters closed (org.apache.kafka.common.metrics.Metrics:694)
[2024-09-18 15:35:14,164] INFO App info kafka.connect for 172.17.0.1:8083 unregistered (org.apache.kafka.common.utils.AppInfoParser:88)
[2024-09-18 15:35:14,164] INFO Worker stopped (org.apache.kafka.connect.runtime.Worker:270)
[2024-09-18 15:35:14,165] INFO Herder stopped (org.apache.kafka.connect.runtime.standalone.StandaloneHerder:127)
[2024-09-18 15:35:14,166] INFO Kafka Connect stopped (org.apache.kafka.connect.runtime.Connect:72)
