[2024-09-20 22:02:34,159] DEBUG preRegister called. Server=com.sun.jmx.mbeanserver.JmxMBeanServer@d716361, name=log4j:logger=kafka.controller (kafka.controller)
[2024-09-20 22:02:40,710] INFO [controller-event-thread]: Starting (kafka.controller.ControllerEventManager$ControllerEventThread)
[2024-09-20 22:02:40,728] INFO [Controller 0]: 0 successfully elected as the controller (kafka.controller.KafkaController)
[2024-09-20 22:02:40,729] INFO [Controller 0]: Broker 0 starting become controller state transition (kafka.controller.KafkaController)
[2024-09-20 22:02:40,736] INFO [Controller 0]: Controller 0 incremented epoch to 1 (kafka.controller.KafkaController)
[2024-09-20 22:02:40,738] DEBUG [Controller 0]: Registering IsrChangeNotificationListener (kafka.controller.KafkaController)
[2024-09-20 22:02:40,776] INFO [Controller 0]: Partitions being reassigned: Map() (kafka.controller.KafkaController)
[2024-09-20 22:02:40,777] INFO [Controller 0]: Partitions already reassigned: Set() (kafka.controller.KafkaController)
[2024-09-20 22:02:40,779] INFO [Controller 0]: Resuming reassignment of partitions: Map() (kafka.controller.KafkaController)
[2024-09-20 22:02:40,780] INFO [Controller 0]: Currently active brokers in the cluster: Set() (kafka.controller.KafkaController)
[2024-09-20 22:02:40,780] INFO [Controller 0]: Currently shutting brokers in the cluster: Set() (kafka.controller.KafkaController)
[2024-09-20 22:02:40,781] INFO [Controller 0]: Current list of topics in the cluster: Set() (kafka.controller.KafkaController)
[2024-09-20 22:02:40,785] INFO [Controller 0]: List of topics to be deleted:  (kafka.controller.KafkaController)
[2024-09-20 22:02:40,785] INFO [Controller 0]: List of topics ineligible for deletion:  (kafka.controller.KafkaController)
[2024-09-20 22:02:40,802] INFO [Replica state machine on controller 0]: Started replica state machine with initial state -> Map() (kafka.controller.ReplicaStateMachine)
[2024-09-20 22:02:40,804] INFO [Partition state machine on Controller 0]: Started partition state machine with initial state -> Map() (kafka.controller.PartitionStateMachine)
[2024-09-20 22:02:40,805] INFO [Controller 0]: Broker 0 is ready to serve as the new controller with epoch 1 (kafka.controller.KafkaController)
[2024-09-20 22:02:40,809] INFO [Controller 0]: Partitions undergoing preferred replica election:  (kafka.controller.KafkaController)
[2024-09-20 22:02:40,810] INFO [Controller 0]: Partitions that completed preferred replica election:  (kafka.controller.KafkaController)
[2024-09-20 22:02:40,811] INFO [Controller 0]: Skipping preferred replica election for partitions due to topic deletion:  (kafka.controller.KafkaController)
[2024-09-20 22:02:40,812] INFO [Controller 0]: Resuming preferred replica election for partitions:  (kafka.controller.KafkaController)
[2024-09-20 22:02:40,812] INFO [Controller 0]: Starting preferred replica leader election for partitions  (kafka.controller.KafkaController)
[2024-09-20 22:02:40,815] INFO [Partition state machine on Controller 0]: Invoking state change to OnlinePartition for partitions  (kafka.controller.PartitionStateMachine)
[2024-09-20 22:02:40,822] INFO [Controller 0]: starting the controller scheduler (kafka.controller.KafkaController)
[2024-09-20 22:02:40,921] INFO [Controller 0]: Newly added brokers: 0, deleted brokers: , all live brokers: 0 (kafka.controller.KafkaController)
[2024-09-20 22:02:40,923] DEBUG [Channel manager on controller 0]: Controller 0 trying to connect to broker 0 (kafka.controller.ControllerChannelManager)
[2024-09-20 22:02:40,932] INFO [Controller-0-to-broker-0-send-thread]: Starting (kafka.controller.RequestSendThread)
[2024-09-20 22:02:40,934] INFO [Controller 0]: New broker startup callback for 0 (kafka.controller.KafkaController)
[2024-09-20 22:02:40,946] INFO [Controller-0-to-broker-0-send-thread]: Controller 0 connected to ffernandes:9092 (id: 0 rack: null) for sending state change requests (kafka.controller.RequestSendThread)
[2024-09-20 22:02:45,823] TRACE [Controller 0]: Checking need to trigger auto leader balancing (kafka.controller.KafkaController)
[2024-09-20 22:02:45,825] DEBUG [Controller 0]: Preferred replicas by broker Map() (kafka.controller.KafkaController)
[2024-09-20 22:02:47,134] INFO [Controller 0]: New topics: [Set(topic-A)], deleted topics: [Set()], new partition replica assignment [Map([topic-A,1] -> List(0), [topic-A,0] -> List(0))] (kafka.controller.KafkaController)
[2024-09-20 22:02:47,135] INFO [Controller 0]: New topic creation callback for [topic-A,1],[topic-A,0] (kafka.controller.KafkaController)
[2024-09-20 22:02:47,137] INFO [Controller 0]: New partition creation callback for [topic-A,1],[topic-A,0] (kafka.controller.KafkaController)
[2024-09-20 22:02:47,138] INFO [Partition state machine on Controller 0]: Invoking state change to NewPartition for partitions [topic-A,1],[topic-A,0] (kafka.controller.PartitionStateMachine)
[2024-09-20 22:02:47,141] INFO [Replica state machine on controller 0]: Invoking state change to NewReplica for replicas [Topic=topic-A,Partition=1,Replica=0],[Topic=topic-A,Partition=0,Replica=0] (kafka.controller.ReplicaStateMachine)
[2024-09-20 22:02:47,146] INFO [Partition state machine on Controller 0]: Invoking state change to OnlinePartition for partitions [topic-A,1],[topic-A,0] (kafka.controller.PartitionStateMachine)
[2024-09-20 22:02:47,147] DEBUG [Partition state machine on Controller 0]: Live assigned replicas for partition [topic-A,1] are: [List(0)] (kafka.controller.PartitionStateMachine)
[2024-09-20 22:02:47,149] DEBUG [Partition state machine on Controller 0]: Initializing leader and isr for partition [topic-A,1] to (Leader:0,ISR:0,LeaderEpoch:0,ControllerEpoch:1) (kafka.controller.PartitionStateMachine)
[2024-09-20 22:02:47,160] DEBUG [Partition state machine on Controller 0]: Live assigned replicas for partition [topic-A,0] are: [List(0)] (kafka.controller.PartitionStateMachine)
[2024-09-20 22:02:47,160] DEBUG [Partition state machine on Controller 0]: Initializing leader and isr for partition [topic-A,0] to (Leader:0,ISR:0,LeaderEpoch:0,ControllerEpoch:1) (kafka.controller.PartitionStateMachine)
[2024-09-20 22:02:47,171] INFO [Replica state machine on controller 0]: Invoking state change to OnlineReplica for replicas [Topic=topic-A,Partition=1,Replica=0],[Topic=topic-A,Partition=0,Replica=0] (kafka.controller.ReplicaStateMachine)
[2024-09-20 22:02:53,889] INFO [Controller 0]: New topics: [Set(topic-C)], deleted topics: [Set()], new partition replica assignment [Map([topic-C,1] -> List(0), [topic-C,0] -> List(0))] (kafka.controller.KafkaController)
[2024-09-20 22:02:53,889] INFO [Controller 0]: New topic creation callback for [topic-C,1],[topic-C,0] (kafka.controller.KafkaController)
[2024-09-20 22:02:53,890] INFO [Controller 0]: New partition creation callback for [topic-C,1],[topic-C,0] (kafka.controller.KafkaController)
[2024-09-20 22:02:53,890] INFO [Partition state machine on Controller 0]: Invoking state change to NewPartition for partitions [topic-C,1],[topic-C,0] (kafka.controller.PartitionStateMachine)
[2024-09-20 22:02:53,891] INFO [Replica state machine on controller 0]: Invoking state change to NewReplica for replicas [Topic=topic-C,Partition=1,Replica=0],[Topic=topic-C,Partition=0,Replica=0] (kafka.controller.ReplicaStateMachine)
[2024-09-20 22:02:53,893] INFO [Partition state machine on Controller 0]: Invoking state change to OnlinePartition for partitions [topic-C,1],[topic-C,0] (kafka.controller.PartitionStateMachine)
[2024-09-20 22:02:53,893] DEBUG [Partition state machine on Controller 0]: Live assigned replicas for partition [topic-C,1] are: [List(0)] (kafka.controller.PartitionStateMachine)
[2024-09-20 22:02:53,893] DEBUG [Partition state machine on Controller 0]: Initializing leader and isr for partition [topic-C,1] to (Leader:0,ISR:0,LeaderEpoch:0,ControllerEpoch:1) (kafka.controller.PartitionStateMachine)
[2024-09-20 22:02:53,899] DEBUG [Partition state machine on Controller 0]: Live assigned replicas for partition [topic-C,0] are: [List(0)] (kafka.controller.PartitionStateMachine)
[2024-09-20 22:02:53,899] DEBUG [Partition state machine on Controller 0]: Initializing leader and isr for partition [topic-C,0] to (Leader:0,ISR:0,LeaderEpoch:0,ControllerEpoch:1) (kafka.controller.PartitionStateMachine)
[2024-09-20 22:02:53,904] INFO [Replica state machine on controller 0]: Invoking state change to OnlineReplica for replicas [Topic=topic-C,Partition=1,Replica=0],[Topic=topic-C,Partition=0,Replica=0] (kafka.controller.ReplicaStateMachine)
[2024-09-20 22:03:38,866] DEBUG preRegister called. Server=com.sun.jmx.mbeanserver.JmxMBeanServer@d716361, name=log4j:logger=kafka.controller (kafka.controller)
[2024-09-20 22:03:45,324] INFO [Controller 0]: Shutting down broker 0 (kafka.controller.KafkaController)
[2024-09-20 22:03:45,324] DEBUG [Controller 0]: All shutting down brokers: 0 (kafka.controller.KafkaController)
[2024-09-20 22:03:45,324] DEBUG [Controller 0]: Live brokers:  (kafka.controller.KafkaController)
[2024-09-20 22:03:45,326] TRACE [Controller 0]: All leaders = [topic-C,1] -> (Leader:0,ISR:0,LeaderEpoch:0,ControllerEpoch:1),[topic-C,0] -> (Leader:0,ISR:0,LeaderEpoch:0,ControllerEpoch:1),[topic-A,1] -> (Leader:0,ISR:0,LeaderEpoch:0,ControllerEpoch:1),[topic-A,0] -> (Leader:0,ISR:0,LeaderEpoch:0,ControllerEpoch:1) (kafka.controller.KafkaController)
[2024-09-20 22:03:45,894] INFO [Controller 0]: New topics: [Set(source-topic)], deleted topics: [Set()], new partition replica assignment [Map([source-topic,1] -> List(0), [source-topic,0] -> List(0))] (kafka.controller.KafkaController)
[2024-09-20 22:03:45,894] INFO [Controller 0]: New topic creation callback for [source-topic,1],[source-topic,0] (kafka.controller.KafkaController)
[2024-09-20 22:03:45,895] INFO [Controller 0]: New partition creation callback for [source-topic,1],[source-topic,0] (kafka.controller.KafkaController)
[2024-09-20 22:03:45,895] INFO [Partition state machine on Controller 0]: Invoking state change to NewPartition for partitions [source-topic,1],[source-topic,0] (kafka.controller.PartitionStateMachine)
[2024-09-20 22:03:45,895] INFO [Replica state machine on controller 0]: Invoking state change to NewReplica for replicas [Topic=source-topic,Partition=1,Replica=0],[Topic=source-topic,Partition=0,Replica=0] (kafka.controller.ReplicaStateMachine)
[2024-09-20 22:03:45,898] INFO [Partition state machine on Controller 0]: Invoking state change to OnlinePartition for partitions [source-topic,1],[source-topic,0] (kafka.controller.PartitionStateMachine)
[2024-09-20 22:03:45,899] INFO [Replica state machine on controller 0]: Invoking state change to OnlineReplica for replicas [Topic=source-topic,Partition=1,Replica=0],[Topic=source-topic,Partition=0,Replica=0] (kafka.controller.ReplicaStateMachine)
[2024-09-20 22:03:47,521] INFO [controller-event-thread]: Shutting down (kafka.controller.ControllerEventManager$ControllerEventThread)
[2024-09-20 22:03:47,521] INFO [controller-event-thread]: Stopped (kafka.controller.ControllerEventManager$ControllerEventThread)
[2024-09-20 22:03:47,521] INFO [controller-event-thread]: Shutdown completed (kafka.controller.ControllerEventManager$ControllerEventThread)
[2024-09-20 22:03:47,522] DEBUG [Controller 0]: Controller resigning, broker id 0 (kafka.controller.KafkaController)
[2024-09-20 22:03:47,522] DEBUG [Controller 0]: De-registering IsrChangeNotificationListener (kafka.controller.KafkaController)
[2024-09-20 22:03:47,522] INFO [Partition state machine on Controller 0]: Stopped partition state machine (kafka.controller.PartitionStateMachine)
[2024-09-20 22:03:47,523] INFO [Replica state machine on controller 0]: Stopped replica state machine (kafka.controller.ReplicaStateMachine)
[2024-09-20 22:03:47,523] INFO [Controller-0-to-broker-0-send-thread]: Shutting down (kafka.controller.RequestSendThread)
[2024-09-20 22:03:47,523] INFO [Controller-0-to-broker-0-send-thread]: Stopped (kafka.controller.RequestSendThread)
[2024-09-20 22:03:47,523] INFO [Controller-0-to-broker-0-send-thread]: Shutdown completed (kafka.controller.RequestSendThread)
[2024-09-20 22:03:47,524] INFO [Controller 0]: Broker 0 resigned as the controller (kafka.controller.KafkaController)
[2024-09-20 22:12:51,677] DEBUG preRegister called. Server=com.sun.jmx.mbeanserver.JmxMBeanServer@d716361, name=log4j:logger=kafka.controller (kafka.controller)
[2024-09-20 22:13:16,067] INFO [controller-event-thread]: Starting (kafka.controller.ControllerEventManager$ControllerEventThread)
[2024-09-20 22:13:16,088] INFO [Controller 0]: 0 successfully elected as the controller (kafka.controller.KafkaController)
[2024-09-20 22:13:16,089] INFO [Controller 0]: Broker 0 starting become controller state transition (kafka.controller.KafkaController)
[2024-09-20 22:13:16,091] INFO [Controller 0]: Initialized controller epoch to 1 and zk version 0 (kafka.controller.KafkaController)
[2024-09-20 22:13:16,096] INFO [Controller 0]: Controller 0 incremented epoch to 2 (kafka.controller.KafkaController)
[2024-09-20 22:13:16,097] DEBUG [Controller 0]: Registering IsrChangeNotificationListener (kafka.controller.KafkaController)
[2024-09-20 22:13:16,167] INFO [Controller 0]: Partitions being reassigned: Map() (kafka.controller.KafkaController)
[2024-09-20 22:13:16,167] INFO [Controller 0]: Partitions already reassigned: Set() (kafka.controller.KafkaController)
[2024-09-20 22:13:16,169] INFO [Controller 0]: Resuming reassignment of partitions: Map() (kafka.controller.KafkaController)
[2024-09-20 22:13:16,171] INFO [Controller 0]: Currently active brokers in the cluster: Set() (kafka.controller.KafkaController)
[2024-09-20 22:13:16,172] INFO [Controller 0]: Currently shutting brokers in the cluster: Set() (kafka.controller.KafkaController)
[2024-09-20 22:13:16,172] INFO [Controller 0]: Current list of topics in the cluster: Set(topic-A, topic-C, source-topic) (kafka.controller.KafkaController)
[2024-09-20 22:13:16,175] INFO [Controller 0]: List of topics to be deleted:  (kafka.controller.KafkaController)
[2024-09-20 22:13:16,176] INFO [Controller 0]: List of topics ineligible for deletion: source-topic,topic-C,topic-A (kafka.controller.KafkaController)
[2024-09-20 22:13:16,191] INFO [Replica state machine on controller 0]: Started replica state machine with initial state -> Map([Topic=topic-A,Partition=0,Replica=0] -> ReplicaDeletionIneligible, [Topic=source-topic,Partition=1,Replica=0] -> ReplicaDeletionIneligible, [Topic=topic-C,Partition=1,Replica=0] -> ReplicaDeletionIneligible, [Topic=source-topic,Partition=0,Replica=0] -> ReplicaDeletionIneligible, [Topic=topic-A,Partition=1,Replica=0] -> ReplicaDeletionIneligible, [Topic=topic-C,Partition=0,Replica=0] -> ReplicaDeletionIneligible) (kafka.controller.ReplicaStateMachine)
[2024-09-20 22:13:16,230] INFO [Partition state machine on Controller 0]: Started partition state machine with initial state -> Map([source-topic,1] -> NewPartition, [topic-C,1] -> OfflinePartition, [source-topic,0] -> NewPartition, [topic-C,0] -> OfflinePartition, [topic-A,1] -> OfflinePartition, [topic-A,0] -> OfflinePartition) (kafka.controller.PartitionStateMachine)
[2024-09-20 22:13:16,234] INFO [Controller 0]: Broker 0 is ready to serve as the new controller with epoch 2 (kafka.controller.KafkaController)
[2024-09-20 22:13:16,236] INFO [Controller 0]: Partitions undergoing preferred replica election:  (kafka.controller.KafkaController)
[2024-09-20 22:13:16,236] INFO [Controller 0]: Partitions that completed preferred replica election:  (kafka.controller.KafkaController)
[2024-09-20 22:13:16,237] INFO [Controller 0]: Skipping preferred replica election for partitions due to topic deletion:  (kafka.controller.KafkaController)
[2024-09-20 22:13:16,238] INFO [Controller 0]: Resuming preferred replica election for partitions:  (kafka.controller.KafkaController)
[2024-09-20 22:13:16,238] INFO [Controller 0]: Starting preferred replica leader election for partitions  (kafka.controller.KafkaController)
[2024-09-20 22:13:16,238] INFO [Partition state machine on Controller 0]: Invoking state change to OnlinePartition for partitions  (kafka.controller.PartitionStateMachine)
[2024-09-20 22:13:16,242] INFO [Controller 0]: starting the controller scheduler (kafka.controller.KafkaController)
[2024-09-20 22:13:16,254] INFO [Controller 0]: Newly added brokers: 0, deleted brokers: , all live brokers: 0 (kafka.controller.KafkaController)
[2024-09-20 22:13:16,255] DEBUG [Channel manager on controller 0]: Controller 0 trying to connect to broker 0 (kafka.controller.ControllerChannelManager)
[2024-09-20 22:13:16,259] INFO [Controller-0-to-broker-0-send-thread]: Starting (kafka.controller.RequestSendThread)
[2024-09-20 22:13:16,259] INFO [Controller 0]: New broker startup callback for 0 (kafka.controller.KafkaController)
[2024-09-20 22:13:16,263] INFO [Replica state machine on controller 0]: Invoking state change to OnlineReplica for replicas [Topic=source-topic,Partition=0,Replica=0],[Topic=topic-C,Partition=1,Replica=0],[Topic=topic-A,Partition=1,Replica=0],[Topic=topic-A,Partition=0,Replica=0],[Topic=topic-C,Partition=0,Replica=0],[Topic=source-topic,Partition=1,Replica=0] (kafka.controller.ReplicaStateMachine)
[2024-09-20 22:13:16,265] INFO [Controller-0-to-broker-0-send-thread]: Controller 0 connected to ffernandes:9092 (id: 0 rack: null) for sending state change requests (kafka.controller.RequestSendThread)
[2024-09-20 22:13:16,272] DEBUG [Partition state machine on Controller 0]: Live assigned replicas for partition [source-topic,1] are: [List(0)] (kafka.controller.PartitionStateMachine)
[2024-09-20 22:13:16,273] DEBUG [Partition state machine on Controller 0]: Initializing leader and isr for partition [source-topic,1] to (Leader:0,ISR:0,LeaderEpoch:0,ControllerEpoch:2) (kafka.controller.PartitionStateMachine)
[2024-09-20 22:13:16,288] DEBUG [OfflinePartitionLeaderSelector]: Some broker in ISR is alive for [topic-C,1]. Select 0 from ISR 0 to be the leader. (kafka.controller.OfflinePartitionLeaderSelector)
[2024-09-20 22:13:16,289] INFO [OfflinePartitionLeaderSelector]: Selected new leader and ISR {"leader":0,"leader_epoch":1,"isr":[0]} for offline partition [topic-C,1] (kafka.controller.OfflinePartitionLeaderSelector)
[2024-09-20 22:13:16,293] DEBUG [Partition state machine on Controller 0]: After leader election, leader cache is updated to Map([source-topic,1] -> (Leader:0,ISR:0,LeaderEpoch:0,ControllerEpoch:2), [topic-C,1] -> (Leader:0,ISR:0,LeaderEpoch:1,ControllerEpoch:2), [topic-C,0] -> (Leader:0,ISR:0,LeaderEpoch:0,ControllerEpoch:1), [topic-A,1] -> (Leader:0,ISR:0,LeaderEpoch:0,ControllerEpoch:1), [topic-A,0] -> (Leader:0,ISR:0,LeaderEpoch:0,ControllerEpoch:1)) (kafka.controller.PartitionStateMachine)
[2024-09-20 22:13:16,294] DEBUG [Partition state machine on Controller 0]: Live assigned replicas for partition [source-topic,0] are: [List(0)] (kafka.controller.PartitionStateMachine)
[2024-09-20 22:13:16,294] DEBUG [Partition state machine on Controller 0]: Initializing leader and isr for partition [source-topic,0] to (Leader:0,ISR:0,LeaderEpoch:0,ControllerEpoch:2) (kafka.controller.PartitionStateMachine)
[2024-09-20 22:13:16,305] DEBUG [OfflinePartitionLeaderSelector]: Some broker in ISR is alive for [topic-C,0]. Select 0 from ISR 0 to be the leader. (kafka.controller.OfflinePartitionLeaderSelector)
[2024-09-20 22:13:16,305] INFO [OfflinePartitionLeaderSelector]: Selected new leader and ISR {"leader":0,"leader_epoch":1,"isr":[0]} for offline partition [topic-C,0] (kafka.controller.OfflinePartitionLeaderSelector)
[2024-09-20 22:13:16,308] DEBUG [Partition state machine on Controller 0]: After leader election, leader cache is updated to Map([source-topic,1] -> (Leader:0,ISR:0,LeaderEpoch:0,ControllerEpoch:2), [topic-C,1] -> (Leader:0,ISR:0,LeaderEpoch:1,ControllerEpoch:2), [source-topic,0] -> (Leader:0,ISR:0,LeaderEpoch:0,ControllerEpoch:2), [topic-C,0] -> (Leader:0,ISR:0,LeaderEpoch:1,ControllerEpoch:2), [topic-A,1] -> (Leader:0,ISR:0,LeaderEpoch:0,ControllerEpoch:1), [topic-A,0] -> (Leader:0,ISR:0,LeaderEpoch:0,ControllerEpoch:1)) (kafka.controller.PartitionStateMachine)
[2024-09-20 22:13:16,313] DEBUG [OfflinePartitionLeaderSelector]: Some broker in ISR is alive for [topic-A,1]. Select 0 from ISR 0 to be the leader. (kafka.controller.OfflinePartitionLeaderSelector)
[2024-09-20 22:13:16,313] INFO [OfflinePartitionLeaderSelector]: Selected new leader and ISR {"leader":0,"leader_epoch":1,"isr":[0]} for offline partition [topic-A,1] (kafka.controller.OfflinePartitionLeaderSelector)
[2024-09-20 22:13:16,317] DEBUG [Partition state machine on Controller 0]: After leader election, leader cache is updated to Map([source-topic,1] -> (Leader:0,ISR:0,LeaderEpoch:0,ControllerEpoch:2), [topic-C,1] -> (Leader:0,ISR:0,LeaderEpoch:1,ControllerEpoch:2), [source-topic,0] -> (Leader:0,ISR:0,LeaderEpoch:0,ControllerEpoch:2), [topic-C,0] -> (Leader:0,ISR:0,LeaderEpoch:1,ControllerEpoch:2), [topic-A,1] -> (Leader:0,ISR:0,LeaderEpoch:1,ControllerEpoch:2), [topic-A,0] -> (Leader:0,ISR:0,LeaderEpoch:0,ControllerEpoch:1)) (kafka.controller.PartitionStateMachine)
[2024-09-20 22:13:16,320] DEBUG [OfflinePartitionLeaderSelector]: Some broker in ISR is alive for [topic-A,0]. Select 0 from ISR 0 to be the leader. (kafka.controller.OfflinePartitionLeaderSelector)
[2024-09-20 22:13:16,320] INFO [OfflinePartitionLeaderSelector]: Selected new leader and ISR {"leader":0,"leader_epoch":1,"isr":[0]} for offline partition [topic-A,0] (kafka.controller.OfflinePartitionLeaderSelector)
[2024-09-20 22:13:16,323] DEBUG [Partition state machine on Controller 0]: After leader election, leader cache is updated to Map([source-topic,1] -> (Leader:0,ISR:0,LeaderEpoch:0,ControllerEpoch:2), [topic-C,1] -> (Leader:0,ISR:0,LeaderEpoch:1,ControllerEpoch:2), [source-topic,0] -> (Leader:0,ISR:0,LeaderEpoch:0,ControllerEpoch:2), [topic-C,0] -> (Leader:0,ISR:0,LeaderEpoch:1,ControllerEpoch:2), [topic-A,1] -> (Leader:0,ISR:0,LeaderEpoch:1,ControllerEpoch:2), [topic-A,0] -> (Leader:0,ISR:0,LeaderEpoch:1,ControllerEpoch:2)) (kafka.controller.PartitionStateMachine)
[2024-09-20 22:13:21,245] TRACE [Controller 0]: Checking need to trigger auto leader balancing (kafka.controller.KafkaController)
[2024-09-20 22:13:21,248] DEBUG [Controller 0]: Preferred replicas by broker Map(0 -> Map([source-topic,1] -> List(0), [topic-C,1] -> List(0), [source-topic,0] -> List(0), [topic-C,0] -> List(0), [topic-A,1] -> List(0), [topic-A,0] -> List(0))) (kafka.controller.KafkaController)
[2024-09-20 22:13:21,250] DEBUG [Controller 0]: Topics not in preferred replica Map() (kafka.controller.KafkaController)
[2024-09-20 22:13:21,251] TRACE [Controller 0]: Leader imbalance ratio for broker 0 is 0.0 (kafka.controller.KafkaController)
[2024-09-20 22:16:22,657] INFO [Controller 0]: New topics: [Set(__consumer_offsets)], deleted topics: [Set()], new partition replica assignment [Map([__consumer_offsets,19] -> List(0), [__consumer_offsets,30] -> List(0), [__consumer_offsets,47] -> List(0), [__consumer_offsets,29] -> List(0), [__consumer_offsets,41] -> List(0), [__consumer_offsets,39] -> List(0), [__consumer_offsets,10] -> List(0), [__consumer_offsets,17] -> List(0), [__consumer_offsets,14] -> List(0), [__consumer_offsets,40] -> List(0), [__consumer_offsets,18] -> List(0), [__consumer_offsets,26] -> List(0), [__consumer_offsets,0] -> List(0), [__consumer_offsets,24] -> List(0), [__consumer_offsets,33] -> List(0), [__consumer_offsets,20] -> List(0), [__consumer_offsets,21] -> List(0), [__consumer_offsets,3] -> List(0), [__consumer_offsets,5] -> List(0), [__consumer_offsets,22] -> List(0), [__consumer_offsets,12] -> List(0), [__consumer_offsets,8] -> List(0), [__consumer_offsets,23] -> List(0), [__consumer_offsets,15] -> List(0), [__consumer_offsets,48] -> List(0), [__consumer_offsets,11] -> List(0), [__consumer_offsets,13] -> List(0), [__consumer_offsets,49] -> List(0), [__consumer_offsets,6] -> List(0), [__consumer_offsets,28] -> List(0), [__consumer_offsets,4] -> List(0), [__consumer_offsets,37] -> List(0), [__consumer_offsets,31] -> List(0), [__consumer_offsets,44] -> List(0), [__consumer_offsets,42] -> List(0), [__consumer_offsets,34] -> List(0), [__consumer_offsets,46] -> List(0), [__consumer_offsets,25] -> List(0), [__consumer_offsets,45] -> List(0), [__consumer_offsets,27] -> List(0), [__consumer_offsets,32] -> List(0), [__consumer_offsets,43] -> List(0), [__consumer_offsets,36] -> List(0), [__consumer_offsets,35] -> List(0), [__consumer_offsets,7] -> List(0), [__consumer_offsets,9] -> List(0), [__consumer_offsets,38] -> List(0), [__consumer_offsets,1] -> List(0), [__consumer_offsets,16] -> List(0), [__consumer_offsets,2] -> List(0))] (kafka.controller.KafkaController)
[2024-09-20 22:16:22,658] INFO [Controller 0]: New topic creation callback for [__consumer_offsets,19],[__consumer_offsets,30],[__consumer_offsets,47],[__consumer_offsets,29],[__consumer_offsets,41],[__consumer_offsets,39],[__consumer_offsets,10],[__consumer_offsets,17],[__consumer_offsets,14],[__consumer_offsets,40],[__consumer_offsets,18],[__consumer_offsets,26],[__consumer_offsets,0],[__consumer_offsets,24],[__consumer_offsets,33],[__consumer_offsets,20],[__consumer_offsets,21],[__consumer_offsets,3],[__consumer_offsets,5],[__consumer_offsets,22],[__consumer_offsets,12],[__consumer_offsets,8],[__consumer_offsets,23],[__consumer_offsets,15],[__consumer_offsets,48],[__consumer_offsets,11],[__consumer_offsets,13],[__consumer_offsets,49],[__consumer_offsets,6],[__consumer_offsets,28],[__consumer_offsets,4],[__consumer_offsets,37],[__consumer_offsets,31],[__consumer_offsets,44],[__consumer_offsets,42],[__consumer_offsets,34],[__consumer_offsets,46],[__consumer_offsets,25],[__consumer_offsets,45],[__consumer_offsets,27],[__consumer_offsets,32],[__consumer_offsets,43],[__consumer_offsets,36],[__consumer_offsets,35],[__consumer_offsets,7],[__consumer_offsets,9],[__consumer_offsets,38],[__consumer_offsets,1],[__consumer_offsets,16],[__consumer_offsets,2] (kafka.controller.KafkaController)
[2024-09-20 22:16:22,660] INFO [Controller 0]: New partition creation callback for [__consumer_offsets,19],[__consumer_offsets,30],[__consumer_offsets,47],[__consumer_offsets,29],[__consumer_offsets,41],[__consumer_offsets,39],[__consumer_offsets,10],[__consumer_offsets,17],[__consumer_offsets,14],[__consumer_offsets,40],[__consumer_offsets,18],[__consumer_offsets,26],[__consumer_offsets,0],[__consumer_offsets,24],[__consumer_offsets,33],[__consumer_offsets,20],[__consumer_offsets,21],[__consumer_offsets,3],[__consumer_offsets,5],[__consumer_offsets,22],[__consumer_offsets,12],[__consumer_offsets,8],[__consumer_offsets,23],[__consumer_offsets,15],[__consumer_offsets,48],[__consumer_offsets,11],[__consumer_offsets,13],[__consumer_offsets,49],[__consumer_offsets,6],[__consumer_offsets,28],[__consumer_offsets,4],[__consumer_offsets,37],[__consumer_offsets,31],[__consumer_offsets,44],[__consumer_offsets,42],[__consumer_offsets,34],[__consumer_offsets,46],[__consumer_offsets,25],[__consumer_offsets,45],[__consumer_offsets,27],[__consumer_offsets,32],[__consumer_offsets,43],[__consumer_offsets,36],[__consumer_offsets,35],[__consumer_offsets,7],[__consumer_offsets,9],[__consumer_offsets,38],[__consumer_offsets,1],[__consumer_offsets,16],[__consumer_offsets,2] (kafka.controller.KafkaController)
[2024-09-20 22:16:22,661] INFO [Partition state machine on Controller 0]: Invoking state change to NewPartition for partitions [__consumer_offsets,19],[__consumer_offsets,30],[__consumer_offsets,47],[__consumer_offsets,29],[__consumer_offsets,41],[__consumer_offsets,39],[__consumer_offsets,10],[__consumer_offsets,17],[__consumer_offsets,14],[__consumer_offsets,40],[__consumer_offsets,18],[__consumer_offsets,26],[__consumer_offsets,0],[__consumer_offsets,24],[__consumer_offsets,33],[__consumer_offsets,20],[__consumer_offsets,21],[__consumer_offsets,3],[__consumer_offsets,5],[__consumer_offsets,22],[__consumer_offsets,12],[__consumer_offsets,8],[__consumer_offsets,23],[__consumer_offsets,15],[__consumer_offsets,48],[__consumer_offsets,11],[__consumer_offsets,13],[__consumer_offsets,49],[__consumer_offsets,6],[__consumer_offsets,28],[__consumer_offsets,4],[__consumer_offsets,37],[__consumer_offsets,31],[__consumer_offsets,44],[__consumer_offsets,42],[__consumer_offsets,34],[__consumer_offsets,46],[__consumer_offsets,25],[__consumer_offsets,45],[__consumer_offsets,27],[__consumer_offsets,32],[__consumer_offsets,43],[__consumer_offsets,36],[__consumer_offsets,35],[__consumer_offsets,7],[__consumer_offsets,9],[__consumer_offsets,38],[__consumer_offsets,1],[__consumer_offsets,16],[__consumer_offsets,2] (kafka.controller.PartitionStateMachine)
[2024-09-20 22:16:22,668] INFO [Replica state machine on controller 0]: Invoking state change to NewReplica for replicas [Topic=__consumer_offsets,Partition=25,Replica=0],[Topic=__consumer_offsets,Partition=12,Replica=0],[Topic=__consumer_offsets,Partition=31,Replica=0],[Topic=__consumer_offsets,Partition=40,Replica=0],[Topic=__consumer_offsets,Partition=35,Replica=0],[Topic=__consumer_offsets,Partition=9,Replica=0],[Topic=__consumer_offsets,Partition=43,Replica=0],[Topic=__consumer_offsets,Partition=2,Replica=0],[Topic=__consumer_offsets,Partition=11,Replica=0],[Topic=__consumer_offsets,Partition=29,Replica=0],[Topic=__consumer_offsets,Partition=30,Replica=0],[Topic=__consumer_offsets,Partition=4,Replica=0],[Topic=__consumer_offsets,Partition=42,Replica=0],[Topic=__consumer_offsets,Partition=26,Replica=0],[Topic=__consumer_offsets,Partition=34,Replica=0],[Topic=__consumer_offsets,Partition=17,Replica=0],[Topic=__consumer_offsets,Partition=37,Replica=0],[Topic=__consumer_offsets,Partition=27,Replica=0],[Topic=__consumer_offsets,Partition=10,Replica=0],[Topic=__consumer_offsets,Partition=41,Replica=0],[Topic=__consumer_offsets,Partition=20,Replica=0],[Topic=__consumer_offsets,Partition=28,Replica=0],[Topic=__consumer_offsets,Partition=46,Replica=0],[Topic=__consumer_offsets,Partition=39,Replica=0],[Topic=__consumer_offsets,Partition=47,Replica=0],[Topic=__consumer_offsets,Partition=49,Replica=0],[Topic=__consumer_offsets,Partition=22,Replica=0],[Topic=__consumer_offsets,Partition=1,Replica=0],[Topic=__consumer_offsets,Partition=24,Replica=0],[Topic=__consumer_offsets,Partition=6,Replica=0],[Topic=__consumer_offsets,Partition=36,Replica=0],[Topic=__consumer_offsets,Partition=8,Replica=0],[Topic=__consumer_offsets,Partition=38,Replica=0],[Topic=__consumer_offsets,Partition=16,Replica=0],[Topic=__consumer_offsets,Partition=21,Replica=0],[Topic=__consumer_offsets,Partition=18,Replica=0],[Topic=__consumer_offsets,Partition=0,Replica=0],[Topic=__consumer_offsets,Partition=48,Replica=0],[Topic=__consumer_offsets,Partition=5,Replica=0],[Topic=__consumer_offsets,Partition=13,Replica=0],[Topic=__consumer_offsets,Partition=3,Replica=0],[Topic=__consumer_offsets,Partition=44,Replica=0],[Topic=__consumer_offsets,Partition=15,Replica=0],[Topic=__consumer_offsets,Partition=7,Replica=0],[Topic=__consumer_offsets,Partition=19,Replica=0],[Topic=__consumer_offsets,Partition=33,Replica=0],[Topic=__consumer_offsets,Partition=45,Replica=0],[Topic=__consumer_offsets,Partition=23,Replica=0],[Topic=__consumer_offsets,Partition=32,Replica=0],[Topic=__consumer_offsets,Partition=14,Replica=0] (kafka.controller.ReplicaStateMachine)
[2024-09-20 22:16:22,709] INFO [Partition state machine on Controller 0]: Invoking state change to OnlinePartition for partitions [__consumer_offsets,19],[__consumer_offsets,30],[__consumer_offsets,47],[__consumer_offsets,29],[__consumer_offsets,41],[__consumer_offsets,39],[__consumer_offsets,10],[__consumer_offsets,17],[__consumer_offsets,14],[__consumer_offsets,40],[__consumer_offsets,18],[__consumer_offsets,26],[__consumer_offsets,0],[__consumer_offsets,24],[__consumer_offsets,33],[__consumer_offsets,20],[__consumer_offsets,21],[__consumer_offsets,3],[__consumer_offsets,5],[__consumer_offsets,22],[__consumer_offsets,12],[__consumer_offsets,8],[__consumer_offsets,23],[__consumer_offsets,15],[__consumer_offsets,48],[__consumer_offsets,11],[__consumer_offsets,13],[__consumer_offsets,49],[__consumer_offsets,6],[__consumer_offsets,28],[__consumer_offsets,4],[__consumer_offsets,37],[__consumer_offsets,31],[__consumer_offsets,44],[__consumer_offsets,42],[__consumer_offsets,34],[__consumer_offsets,46],[__consumer_offsets,25],[__consumer_offsets,45],[__consumer_offsets,27],[__consumer_offsets,32],[__consumer_offsets,43],[__consumer_offsets,36],[__consumer_offsets,35],[__consumer_offsets,7],[__consumer_offsets,9],[__consumer_offsets,38],[__consumer_offsets,1],[__consumer_offsets,16],[__consumer_offsets,2] (kafka.controller.PartitionStateMachine)
[2024-09-20 22:16:22,710] DEBUG [Partition state machine on Controller 0]: Live assigned replicas for partition [__consumer_offsets,19] are: [List(0)] (kafka.controller.PartitionStateMachine)
[2024-09-20 22:16:22,710] DEBUG [Partition state machine on Controller 0]: Initializing leader and isr for partition [__consumer_offsets,19] to (Leader:0,ISR:0,LeaderEpoch:0,ControllerEpoch:2) (kafka.controller.PartitionStateMachine)
[2024-09-20 22:16:22,719] DEBUG [Partition state machine on Controller 0]: Live assigned replicas for partition [__consumer_offsets,30] are: [List(0)] (kafka.controller.PartitionStateMachine)
[2024-09-20 22:16:22,719] DEBUG [Partition state machine on Controller 0]: Initializing leader and isr for partition [__consumer_offsets,30] to (Leader:0,ISR:0,LeaderEpoch:0,ControllerEpoch:2) (kafka.controller.PartitionStateMachine)
[2024-09-20 22:16:22,728] DEBUG [Partition state machine on Controller 0]: Live assigned replicas for partition [__consumer_offsets,47] are: [List(0)] (kafka.controller.PartitionStateMachine)
[2024-09-20 22:16:22,728] DEBUG [Partition state machine on Controller 0]: Initializing leader and isr for partition [__consumer_offsets,47] to (Leader:0,ISR:0,LeaderEpoch:0,ControllerEpoch:2) (kafka.controller.PartitionStateMachine)
[2024-09-20 22:16:22,735] DEBUG [Partition state machine on Controller 0]: Live assigned replicas for partition [__consumer_offsets,29] are: [List(0)] (kafka.controller.PartitionStateMachine)
[2024-09-20 22:16:22,735] DEBUG [Partition state machine on Controller 0]: Initializing leader and isr for partition [__consumer_offsets,29] to (Leader:0,ISR:0,LeaderEpoch:0,ControllerEpoch:2) (kafka.controller.PartitionStateMachine)
[2024-09-20 22:16:22,741] DEBUG [Partition state machine on Controller 0]: Live assigned replicas for partition [__consumer_offsets,41] are: [List(0)] (kafka.controller.PartitionStateMachine)
[2024-09-20 22:16:22,741] DEBUG [Partition state machine on Controller 0]: Initializing leader and isr for partition [__consumer_offsets,41] to (Leader:0,ISR:0,LeaderEpoch:0,ControllerEpoch:2) (kafka.controller.PartitionStateMachine)
[2024-09-20 22:16:22,747] DEBUG [Partition state machine on Controller 0]: Live assigned replicas for partition [__consumer_offsets,39] are: [List(0)] (kafka.controller.PartitionStateMachine)
[2024-09-20 22:16:22,747] DEBUG [Partition state machine on Controller 0]: Initializing leader and isr for partition [__consumer_offsets,39] to (Leader:0,ISR:0,LeaderEpoch:0,ControllerEpoch:2) (kafka.controller.PartitionStateMachine)
[2024-09-20 22:16:22,755] DEBUG [Partition state machine on Controller 0]: Live assigned replicas for partition [__consumer_offsets,10] are: [List(0)] (kafka.controller.PartitionStateMachine)
[2024-09-20 22:16:22,755] DEBUG [Partition state machine on Controller 0]: Initializing leader and isr for partition [__consumer_offsets,10] to (Leader:0,ISR:0,LeaderEpoch:0,ControllerEpoch:2) (kafka.controller.PartitionStateMachine)
[2024-09-20 22:16:22,767] DEBUG [Partition state machine on Controller 0]: Live assigned replicas for partition [__consumer_offsets,17] are: [List(0)] (kafka.controller.PartitionStateMachine)
[2024-09-20 22:16:22,767] DEBUG [Partition state machine on Controller 0]: Initializing leader and isr for partition [__consumer_offsets,17] to (Leader:0,ISR:0,LeaderEpoch:0,ControllerEpoch:2) (kafka.controller.PartitionStateMachine)
[2024-09-20 22:16:22,776] DEBUG [Partition state machine on Controller 0]: Live assigned replicas for partition [__consumer_offsets,14] are: [List(0)] (kafka.controller.PartitionStateMachine)
[2024-09-20 22:16:22,776] DEBUG [Partition state machine on Controller 0]: Initializing leader and isr for partition [__consumer_offsets,14] to (Leader:0,ISR:0,LeaderEpoch:0,ControllerEpoch:2) (kafka.controller.PartitionStateMachine)
[2024-09-20 22:16:22,783] DEBUG [Partition state machine on Controller 0]: Live assigned replicas for partition [__consumer_offsets,40] are: [List(0)] (kafka.controller.PartitionStateMachine)
[2024-09-20 22:16:22,783] DEBUG [Partition state machine on Controller 0]: Initializing leader and isr for partition [__consumer_offsets,40] to (Leader:0,ISR:0,LeaderEpoch:0,ControllerEpoch:2) (kafka.controller.PartitionStateMachine)
[2024-09-20 22:16:22,788] DEBUG [Partition state machine on Controller 0]: Live assigned replicas for partition [__consumer_offsets,18] are: [List(0)] (kafka.controller.PartitionStateMachine)
[2024-09-20 22:16:22,788] DEBUG [Partition state machine on Controller 0]: Initializing leader and isr for partition [__consumer_offsets,18] to (Leader:0,ISR:0,LeaderEpoch:0,ControllerEpoch:2) (kafka.controller.PartitionStateMachine)
[2024-09-20 22:16:22,792] DEBUG [Partition state machine on Controller 0]: Live assigned replicas for partition [__consumer_offsets,26] are: [List(0)] (kafka.controller.PartitionStateMachine)
[2024-09-20 22:16:22,792] DEBUG [Partition state machine on Controller 0]: Initializing leader and isr for partition [__consumer_offsets,26] to (Leader:0,ISR:0,LeaderEpoch:0,ControllerEpoch:2) (kafka.controller.PartitionStateMachine)
[2024-09-20 22:16:22,796] DEBUG [Partition state machine on Controller 0]: Live assigned replicas for partition [__consumer_offsets,0] are: [List(0)] (kafka.controller.PartitionStateMachine)
[2024-09-20 22:16:22,796] DEBUG [Partition state machine on Controller 0]: Initializing leader and isr for partition [__consumer_offsets,0] to (Leader:0,ISR:0,LeaderEpoch:0,ControllerEpoch:2) (kafka.controller.PartitionStateMachine)
[2024-09-20 22:16:22,799] DEBUG [Partition state machine on Controller 0]: Live assigned replicas for partition [__consumer_offsets,24] are: [List(0)] (kafka.controller.PartitionStateMachine)
[2024-09-20 22:16:22,799] DEBUG [Partition state machine on Controller 0]: Initializing leader and isr for partition [__consumer_offsets,24] to (Leader:0,ISR:0,LeaderEpoch:0,ControllerEpoch:2) (kafka.controller.PartitionStateMachine)
[2024-09-20 22:16:22,804] DEBUG [Partition state machine on Controller 0]: Live assigned replicas for partition [__consumer_offsets,33] are: [List(0)] (kafka.controller.PartitionStateMachine)
[2024-09-20 22:16:22,804] DEBUG [Partition state machine on Controller 0]: Initializing leader and isr for partition [__consumer_offsets,33] to (Leader:0,ISR:0,LeaderEpoch:0,ControllerEpoch:2) (kafka.controller.PartitionStateMachine)
[2024-09-20 22:16:22,807] DEBUG [Partition state machine on Controller 0]: Live assigned replicas for partition [__consumer_offsets,20] are: [List(0)] (kafka.controller.PartitionStateMachine)
[2024-09-20 22:16:22,807] DEBUG [Partition state machine on Controller 0]: Initializing leader and isr for partition [__consumer_offsets,20] to (Leader:0,ISR:0,LeaderEpoch:0,ControllerEpoch:2) (kafka.controller.PartitionStateMachine)
[2024-09-20 22:16:22,811] DEBUG [Partition state machine on Controller 0]: Live assigned replicas for partition [__consumer_offsets,21] are: [List(0)] (kafka.controller.PartitionStateMachine)
[2024-09-20 22:16:22,811] DEBUG [Partition state machine on Controller 0]: Initializing leader and isr for partition [__consumer_offsets,21] to (Leader:0,ISR:0,LeaderEpoch:0,ControllerEpoch:2) (kafka.controller.PartitionStateMachine)
[2024-09-20 22:16:22,814] DEBUG [Partition state machine on Controller 0]: Live assigned replicas for partition [__consumer_offsets,3] are: [List(0)] (kafka.controller.PartitionStateMachine)
[2024-09-20 22:16:22,815] DEBUG [Partition state machine on Controller 0]: Initializing leader and isr for partition [__consumer_offsets,3] to (Leader:0,ISR:0,LeaderEpoch:0,ControllerEpoch:2) (kafka.controller.PartitionStateMachine)
[2024-09-20 22:16:22,819] DEBUG [Partition state machine on Controller 0]: Live assigned replicas for partition [__consumer_offsets,5] are: [List(0)] (kafka.controller.PartitionStateMachine)
[2024-09-20 22:16:22,819] DEBUG [Partition state machine on Controller 0]: Initializing leader and isr for partition [__consumer_offsets,5] to (Leader:0,ISR:0,LeaderEpoch:0,ControllerEpoch:2) (kafka.controller.PartitionStateMachine)
[2024-09-20 22:16:22,823] DEBUG [Partition state machine on Controller 0]: Live assigned replicas for partition [__consumer_offsets,22] are: [List(0)] (kafka.controller.PartitionStateMachine)
[2024-09-20 22:16:22,823] DEBUG [Partition state machine on Controller 0]: Initializing leader and isr for partition [__consumer_offsets,22] to (Leader:0,ISR:0,LeaderEpoch:0,ControllerEpoch:2) (kafka.controller.PartitionStateMachine)
[2024-09-20 22:16:22,827] DEBUG [Partition state machine on Controller 0]: Live assigned replicas for partition [__consumer_offsets,12] are: [List(0)] (kafka.controller.PartitionStateMachine)
[2024-09-20 22:16:22,828] DEBUG [Partition state machine on Controller 0]: Initializing leader and isr for partition [__consumer_offsets,12] to (Leader:0,ISR:0,LeaderEpoch:0,ControllerEpoch:2) (kafka.controller.PartitionStateMachine)
[2024-09-20 22:16:22,832] DEBUG [Partition state machine on Controller 0]: Live assigned replicas for partition [__consumer_offsets,8] are: [List(0)] (kafka.controller.PartitionStateMachine)
[2024-09-20 22:16:22,832] DEBUG [Partition state machine on Controller 0]: Initializing leader and isr for partition [__consumer_offsets,8] to (Leader:0,ISR:0,LeaderEpoch:0,ControllerEpoch:2) (kafka.controller.PartitionStateMachine)
[2024-09-20 22:16:22,836] DEBUG [Partition state machine on Controller 0]: Live assigned replicas for partition [__consumer_offsets,23] are: [List(0)] (kafka.controller.PartitionStateMachine)
[2024-09-20 22:16:22,836] DEBUG [Partition state machine on Controller 0]: Initializing leader and isr for partition [__consumer_offsets,23] to (Leader:0,ISR:0,LeaderEpoch:0,ControllerEpoch:2) (kafka.controller.PartitionStateMachine)
[2024-09-20 22:16:22,839] DEBUG [Partition state machine on Controller 0]: Live assigned replicas for partition [__consumer_offsets,15] are: [List(0)] (kafka.controller.PartitionStateMachine)
[2024-09-20 22:16:22,839] DEBUG [Partition state machine on Controller 0]: Initializing leader and isr for partition [__consumer_offsets,15] to (Leader:0,ISR:0,LeaderEpoch:0,ControllerEpoch:2) (kafka.controller.PartitionStateMachine)
[2024-09-20 22:16:22,845] DEBUG [Partition state machine on Controller 0]: Live assigned replicas for partition [__consumer_offsets,48] are: [List(0)] (kafka.controller.PartitionStateMachine)
[2024-09-20 22:16:22,845] DEBUG [Partition state machine on Controller 0]: Initializing leader and isr for partition [__consumer_offsets,48] to (Leader:0,ISR:0,LeaderEpoch:0,ControllerEpoch:2) (kafka.controller.PartitionStateMachine)
[2024-09-20 22:16:22,850] DEBUG [Partition state machine on Controller 0]: Live assigned replicas for partition [__consumer_offsets,11] are: [List(0)] (kafka.controller.PartitionStateMachine)
[2024-09-20 22:16:22,850] DEBUG [Partition state machine on Controller 0]: Initializing leader and isr for partition [__consumer_offsets,11] to (Leader:0,ISR:0,LeaderEpoch:0,ControllerEpoch:2) (kafka.controller.PartitionStateMachine)
[2024-09-20 22:16:22,854] DEBUG [Partition state machine on Controller 0]: Live assigned replicas for partition [__consumer_offsets,13] are: [List(0)] (kafka.controller.PartitionStateMachine)
[2024-09-20 22:16:22,854] DEBUG [Partition state machine on Controller 0]: Initializing leader and isr for partition [__consumer_offsets,13] to (Leader:0,ISR:0,LeaderEpoch:0,ControllerEpoch:2) (kafka.controller.PartitionStateMachine)
[2024-09-20 22:16:22,857] DEBUG [Partition state machine on Controller 0]: Live assigned replicas for partition [__consumer_offsets,49] are: [List(0)] (kafka.controller.PartitionStateMachine)
[2024-09-20 22:16:22,857] DEBUG [Partition state machine on Controller 0]: Initializing leader and isr for partition [__consumer_offsets,49] to (Leader:0,ISR:0,LeaderEpoch:0,ControllerEpoch:2) (kafka.controller.PartitionStateMachine)
[2024-09-20 22:16:22,861] DEBUG [Partition state machine on Controller 0]: Live assigned replicas for partition [__consumer_offsets,6] are: [List(0)] (kafka.controller.PartitionStateMachine)
[2024-09-20 22:16:22,861] DEBUG [Partition state machine on Controller 0]: Initializing leader and isr for partition [__consumer_offsets,6] to (Leader:0,ISR:0,LeaderEpoch:0,ControllerEpoch:2) (kafka.controller.PartitionStateMachine)
[2024-09-20 22:16:22,865] DEBUG [Partition state machine on Controller 0]: Live assigned replicas for partition [__consumer_offsets,28] are: [List(0)] (kafka.controller.PartitionStateMachine)
[2024-09-20 22:16:22,865] DEBUG [Partition state machine on Controller 0]: Initializing leader and isr for partition [__consumer_offsets,28] to (Leader:0,ISR:0,LeaderEpoch:0,ControllerEpoch:2) (kafka.controller.PartitionStateMachine)
[2024-09-20 22:16:22,869] DEBUG [Partition state machine on Controller 0]: Live assigned replicas for partition [__consumer_offsets,4] are: [List(0)] (kafka.controller.PartitionStateMachine)
[2024-09-20 22:16:22,869] DEBUG [Partition state machine on Controller 0]: Initializing leader and isr for partition [__consumer_offsets,4] to (Leader:0,ISR:0,LeaderEpoch:0,ControllerEpoch:2) (kafka.controller.PartitionStateMachine)
[2024-09-20 22:16:22,872] DEBUG [Partition state machine on Controller 0]: Live assigned replicas for partition [__consumer_offsets,37] are: [List(0)] (kafka.controller.PartitionStateMachine)
[2024-09-20 22:16:22,872] DEBUG [Partition state machine on Controller 0]: Initializing leader and isr for partition [__consumer_offsets,37] to (Leader:0,ISR:0,LeaderEpoch:0,ControllerEpoch:2) (kafka.controller.PartitionStateMachine)
[2024-09-20 22:16:22,876] DEBUG [Partition state machine on Controller 0]: Live assigned replicas for partition [__consumer_offsets,31] are: [List(0)] (kafka.controller.PartitionStateMachine)
[2024-09-20 22:16:22,876] DEBUG [Partition state machine on Controller 0]: Initializing leader and isr for partition [__consumer_offsets,31] to (Leader:0,ISR:0,LeaderEpoch:0,ControllerEpoch:2) (kafka.controller.PartitionStateMachine)
[2024-09-20 22:16:22,880] DEBUG [Partition state machine on Controller 0]: Live assigned replicas for partition [__consumer_offsets,44] are: [List(0)] (kafka.controller.PartitionStateMachine)
[2024-09-20 22:16:22,880] DEBUG [Partition state machine on Controller 0]: Initializing leader and isr for partition [__consumer_offsets,44] to (Leader:0,ISR:0,LeaderEpoch:0,ControllerEpoch:2) (kafka.controller.PartitionStateMachine)
[2024-09-20 22:16:22,883] DEBUG [Partition state machine on Controller 0]: Live assigned replicas for partition [__consumer_offsets,42] are: [List(0)] (kafka.controller.PartitionStateMachine)
[2024-09-20 22:16:22,883] DEBUG [Partition state machine on Controller 0]: Initializing leader and isr for partition [__consumer_offsets,42] to (Leader:0,ISR:0,LeaderEpoch:0,ControllerEpoch:2) (kafka.controller.PartitionStateMachine)
[2024-09-20 22:16:22,887] DEBUG [Partition state machine on Controller 0]: Live assigned replicas for partition [__consumer_offsets,34] are: [List(0)] (kafka.controller.PartitionStateMachine)
[2024-09-20 22:16:22,887] DEBUG [Partition state machine on Controller 0]: Initializing leader and isr for partition [__consumer_offsets,34] to (Leader:0,ISR:0,LeaderEpoch:0,ControllerEpoch:2) (kafka.controller.PartitionStateMachine)
[2024-09-20 22:16:22,890] DEBUG [Partition state machine on Controller 0]: Live assigned replicas for partition [__consumer_offsets,46] are: [List(0)] (kafka.controller.PartitionStateMachine)
[2024-09-20 22:16:22,890] DEBUG [Partition state machine on Controller 0]: Initializing leader and isr for partition [__consumer_offsets,46] to (Leader:0,ISR:0,LeaderEpoch:0,ControllerEpoch:2) (kafka.controller.PartitionStateMachine)
[2024-09-20 22:16:22,895] DEBUG [Partition state machine on Controller 0]: Live assigned replicas for partition [__consumer_offsets,25] are: [List(0)] (kafka.controller.PartitionStateMachine)
[2024-09-20 22:16:22,895] DEBUG [Partition state machine on Controller 0]: Initializing leader and isr for partition [__consumer_offsets,25] to (Leader:0,ISR:0,LeaderEpoch:0,ControllerEpoch:2) (kafka.controller.PartitionStateMachine)
[2024-09-20 22:16:22,898] DEBUG [Partition state machine on Controller 0]: Live assigned replicas for partition [__consumer_offsets,45] are: [List(0)] (kafka.controller.PartitionStateMachine)
[2024-09-20 22:16:22,898] DEBUG [Partition state machine on Controller 0]: Initializing leader and isr for partition [__consumer_offsets,45] to (Leader:0,ISR:0,LeaderEpoch:0,ControllerEpoch:2) (kafka.controller.PartitionStateMachine)
[2024-09-20 22:16:22,903] DEBUG [Partition state machine on Controller 0]: Live assigned replicas for partition [__consumer_offsets,27] are: [List(0)] (kafka.controller.PartitionStateMachine)
[2024-09-20 22:16:22,903] DEBUG [Partition state machine on Controller 0]: Initializing leader and isr for partition [__consumer_offsets,27] to (Leader:0,ISR:0,LeaderEpoch:0,ControllerEpoch:2) (kafka.controller.PartitionStateMachine)
[2024-09-20 22:16:22,907] DEBUG [Partition state machine on Controller 0]: Live assigned replicas for partition [__consumer_offsets,32] are: [List(0)] (kafka.controller.PartitionStateMachine)
[2024-09-20 22:16:22,907] DEBUG [Partition state machine on Controller 0]: Initializing leader and isr for partition [__consumer_offsets,32] to (Leader:0,ISR:0,LeaderEpoch:0,ControllerEpoch:2) (kafka.controller.PartitionStateMachine)
[2024-09-20 22:16:22,912] DEBUG [Partition state machine on Controller 0]: Live assigned replicas for partition [__consumer_offsets,43] are: [List(0)] (kafka.controller.PartitionStateMachine)
[2024-09-20 22:16:22,912] DEBUG [Partition state machine on Controller 0]: Initializing leader and isr for partition [__consumer_offsets,43] to (Leader:0,ISR:0,LeaderEpoch:0,ControllerEpoch:2) (kafka.controller.PartitionStateMachine)
[2024-09-20 22:16:22,915] DEBUG [Partition state machine on Controller 0]: Live assigned replicas for partition [__consumer_offsets,36] are: [List(0)] (kafka.controller.PartitionStateMachine)
[2024-09-20 22:16:22,915] DEBUG [Partition state machine on Controller 0]: Initializing leader and isr for partition [__consumer_offsets,36] to (Leader:0,ISR:0,LeaderEpoch:0,ControllerEpoch:2) (kafka.controller.PartitionStateMachine)
[2024-09-20 22:16:22,919] DEBUG [Partition state machine on Controller 0]: Live assigned replicas for partition [__consumer_offsets,35] are: [List(0)] (kafka.controller.PartitionStateMachine)
[2024-09-20 22:16:22,919] DEBUG [Partition state machine on Controller 0]: Initializing leader and isr for partition [__consumer_offsets,35] to (Leader:0,ISR:0,LeaderEpoch:0,ControllerEpoch:2) (kafka.controller.PartitionStateMachine)
[2024-09-20 22:16:22,922] DEBUG [Partition state machine on Controller 0]: Live assigned replicas for partition [__consumer_offsets,7] are: [List(0)] (kafka.controller.PartitionStateMachine)
[2024-09-20 22:16:22,922] DEBUG [Partition state machine on Controller 0]: Initializing leader and isr for partition [__consumer_offsets,7] to (Leader:0,ISR:0,LeaderEpoch:0,ControllerEpoch:2) (kafka.controller.PartitionStateMachine)
[2024-09-20 22:16:22,928] DEBUG [Partition state machine on Controller 0]: Live assigned replicas for partition [__consumer_offsets,9] are: [List(0)] (kafka.controller.PartitionStateMachine)
[2024-09-20 22:16:22,928] DEBUG [Partition state machine on Controller 0]: Initializing leader and isr for partition [__consumer_offsets,9] to (Leader:0,ISR:0,LeaderEpoch:0,ControllerEpoch:2) (kafka.controller.PartitionStateMachine)
[2024-09-20 22:16:22,932] DEBUG [Partition state machine on Controller 0]: Live assigned replicas for partition [__consumer_offsets,38] are: [List(0)] (kafka.controller.PartitionStateMachine)
[2024-09-20 22:16:22,932] DEBUG [Partition state machine on Controller 0]: Initializing leader and isr for partition [__consumer_offsets,38] to (Leader:0,ISR:0,LeaderEpoch:0,ControllerEpoch:2) (kafka.controller.PartitionStateMachine)
[2024-09-20 22:16:22,935] DEBUG [Partition state machine on Controller 0]: Live assigned replicas for partition [__consumer_offsets,1] are: [List(0)] (kafka.controller.PartitionStateMachine)
[2024-09-20 22:16:22,935] DEBUG [Partition state machine on Controller 0]: Initializing leader and isr for partition [__consumer_offsets,1] to (Leader:0,ISR:0,LeaderEpoch:0,ControllerEpoch:2) (kafka.controller.PartitionStateMachine)
[2024-09-20 22:16:22,938] DEBUG [Partition state machine on Controller 0]: Live assigned replicas for partition [__consumer_offsets,16] are: [List(0)] (kafka.controller.PartitionStateMachine)
[2024-09-20 22:16:22,939] DEBUG [Partition state machine on Controller 0]: Initializing leader and isr for partition [__consumer_offsets,16] to (Leader:0,ISR:0,LeaderEpoch:0,ControllerEpoch:2) (kafka.controller.PartitionStateMachine)
[2024-09-20 22:16:22,943] DEBUG [Partition state machine on Controller 0]: Live assigned replicas for partition [__consumer_offsets,2] are: [List(0)] (kafka.controller.PartitionStateMachine)
[2024-09-20 22:16:22,943] DEBUG [Partition state machine on Controller 0]: Initializing leader and isr for partition [__consumer_offsets,2] to (Leader:0,ISR:0,LeaderEpoch:0,ControllerEpoch:2) (kafka.controller.PartitionStateMachine)
[2024-09-20 22:16:22,952] INFO [Replica state machine on controller 0]: Invoking state change to OnlineReplica for replicas [Topic=__consumer_offsets,Partition=25,Replica=0],[Topic=__consumer_offsets,Partition=12,Replica=0],[Topic=__consumer_offsets,Partition=31,Replica=0],[Topic=__consumer_offsets,Partition=40,Replica=0],[Topic=__consumer_offsets,Partition=35,Replica=0],[Topic=__consumer_offsets,Partition=9,Replica=0],[Topic=__consumer_offsets,Partition=43,Replica=0],[Topic=__consumer_offsets,Partition=2,Replica=0],[Topic=__consumer_offsets,Partition=11,Replica=0],[Topic=__consumer_offsets,Partition=29,Replica=0],[Topic=__consumer_offsets,Partition=30,Replica=0],[Topic=__consumer_offsets,Partition=4,Replica=0],[Topic=__consumer_offsets,Partition=42,Replica=0],[Topic=__consumer_offsets,Partition=26,Replica=0],[Topic=__consumer_offsets,Partition=34,Replica=0],[Topic=__consumer_offsets,Partition=17,Replica=0],[Topic=__consumer_offsets,Partition=37,Replica=0],[Topic=__consumer_offsets,Partition=27,Replica=0],[Topic=__consumer_offsets,Partition=10,Replica=0],[Topic=__consumer_offsets,Partition=41,Replica=0],[Topic=__consumer_offsets,Partition=20,Replica=0],[Topic=__consumer_offsets,Partition=28,Replica=0],[Topic=__consumer_offsets,Partition=46,Replica=0],[Topic=__consumer_offsets,Partition=39,Replica=0],[Topic=__consumer_offsets,Partition=47,Replica=0],[Topic=__consumer_offsets,Partition=49,Replica=0],[Topic=__consumer_offsets,Partition=22,Replica=0],[Topic=__consumer_offsets,Partition=1,Replica=0],[Topic=__consumer_offsets,Partition=24,Replica=0],[Topic=__consumer_offsets,Partition=6,Replica=0],[Topic=__consumer_offsets,Partition=36,Replica=0],[Topic=__consumer_offsets,Partition=8,Replica=0],[Topic=__consumer_offsets,Partition=38,Replica=0],[Topic=__consumer_offsets,Partition=16,Replica=0],[Topic=__consumer_offsets,Partition=21,Replica=0],[Topic=__consumer_offsets,Partition=18,Replica=0],[Topic=__consumer_offsets,Partition=0,Replica=0],[Topic=__consumer_offsets,Partition=48,Replica=0],[Topic=__consumer_offsets,Partition=5,Replica=0],[Topic=__consumer_offsets,Partition=13,Replica=0],[Topic=__consumer_offsets,Partition=3,Replica=0],[Topic=__consumer_offsets,Partition=44,Replica=0],[Topic=__consumer_offsets,Partition=15,Replica=0],[Topic=__consumer_offsets,Partition=7,Replica=0],[Topic=__consumer_offsets,Partition=19,Replica=0],[Topic=__consumer_offsets,Partition=33,Replica=0],[Topic=__consumer_offsets,Partition=45,Replica=0],[Topic=__consumer_offsets,Partition=23,Replica=0],[Topic=__consumer_offsets,Partition=32,Replica=0],[Topic=__consumer_offsets,Partition=14,Replica=0] (kafka.controller.ReplicaStateMachine)
[2024-09-20 22:18:21,251] TRACE [Controller 0]: Checking need to trigger auto leader balancing (kafka.controller.KafkaController)
[2024-09-20 22:18:21,253] DEBUG [Controller 0]: Preferred replicas by broker Map(0 -> Map([__consumer_offsets,19] -> List(0), [source-topic,1] -> List(0), [__consumer_offsets,30] -> List(0), [__consumer_offsets,47] -> List(0), [__consumer_offsets,29] -> List(0), [__consumer_offsets,41] -> List(0), [__consumer_offsets,39] -> List(0), [__consumer_offsets,17] -> List(0), [__consumer_offsets,10] -> List(0), [topic-C,1] -> List(0), [__consumer_offsets,14] -> List(0), [__consumer_offsets,40] -> List(0), [__consumer_offsets,18] -> List(0), [__consumer_offsets,26] -> List(0), [__consumer_offsets,0] -> List(0), [__consumer_offsets,24] -> List(0), [__consumer_offsets,33] -> List(0), [__consumer_offsets,20] -> List(0), [__consumer_offsets,21] -> List(0), [__consumer_offsets,3] -> List(0), [__consumer_offsets,22] -> List(0), [__consumer_offsets,5] -> List(0), [source-topic,0] -> List(0), [__consumer_offsets,12] -> List(0), [__consumer_offsets,8] -> List(0), [__consumer_offsets,23] -> List(0), [__consumer_offsets,15] -> List(0), [__consumer_offsets,48] -> List(0), [__consumer_offsets,11] -> List(0), [__consumer_offsets,13] -> List(0), [topic-C,0] -> List(0), [__consumer_offsets,49] -> List(0), [__consumer_offsets,6] -> List(0), [__consumer_offsets,28] -> List(0), [__consumer_offsets,4] -> List(0), [__consumer_offsets,37] -> List(0), [topic-A,1] -> List(0), [__consumer_offsets,31] -> List(0), [__consumer_offsets,44] -> List(0), [__consumer_offsets,42] -> List(0), [__consumer_offsets,34] -> List(0), [__consumer_offsets,46] -> List(0), [topic-A,0] -> List(0), [__consumer_offsets,25] -> List(0), [__consumer_offsets,45] -> List(0), [__consumer_offsets,27] -> List(0), [__consumer_offsets,32] -> List(0), [__consumer_offsets,43] -> List(0), [__consumer_offsets,36] -> List(0), [__consumer_offsets,35] -> List(0), [__consumer_offsets,7] -> List(0), [__consumer_offsets,9] -> List(0), [__consumer_offsets,38] -> List(0), [__consumer_offsets,1] -> List(0), [__consumer_offsets,16] -> List(0), [__consumer_offsets,2] -> List(0))) (kafka.controller.KafkaController)
[2024-09-20 22:18:21,253] DEBUG [Controller 0]: Topics not in preferred replica Map() (kafka.controller.KafkaController)
[2024-09-20 22:18:21,253] TRACE [Controller 0]: Leader imbalance ratio for broker 0 is 0.0 (kafka.controller.KafkaController)
[2024-09-20 22:23:21,257] TRACE [Controller 0]: Checking need to trigger auto leader balancing (kafka.controller.KafkaController)
[2024-09-20 22:23:21,258] DEBUG [Controller 0]: Preferred replicas by broker Map(0 -> Map([__consumer_offsets,19] -> List(0), [source-topic,1] -> List(0), [__consumer_offsets,30] -> List(0), [__consumer_offsets,47] -> List(0), [__consumer_offsets,29] -> List(0), [__consumer_offsets,41] -> List(0), [__consumer_offsets,39] -> List(0), [__consumer_offsets,17] -> List(0), [__consumer_offsets,10] -> List(0), [topic-C,1] -> List(0), [__consumer_offsets,14] -> List(0), [__consumer_offsets,40] -> List(0), [__consumer_offsets,18] -> List(0), [__consumer_offsets,26] -> List(0), [__consumer_offsets,0] -> List(0), [__consumer_offsets,24] -> List(0), [__consumer_offsets,33] -> List(0), [__consumer_offsets,20] -> List(0), [__consumer_offsets,21] -> List(0), [__consumer_offsets,3] -> List(0), [__consumer_offsets,22] -> List(0), [__consumer_offsets,5] -> List(0), [source-topic,0] -> List(0), [__consumer_offsets,12] -> List(0), [__consumer_offsets,8] -> List(0), [__consumer_offsets,23] -> List(0), [__consumer_offsets,15] -> List(0), [__consumer_offsets,48] -> List(0), [__consumer_offsets,11] -> List(0), [__consumer_offsets,13] -> List(0), [topic-C,0] -> List(0), [__consumer_offsets,49] -> List(0), [__consumer_offsets,6] -> List(0), [__consumer_offsets,28] -> List(0), [__consumer_offsets,4] -> List(0), [__consumer_offsets,37] -> List(0), [topic-A,1] -> List(0), [__consumer_offsets,31] -> List(0), [__consumer_offsets,44] -> List(0), [__consumer_offsets,42] -> List(0), [__consumer_offsets,34] -> List(0), [__consumer_offsets,46] -> List(0), [topic-A,0] -> List(0), [__consumer_offsets,25] -> List(0), [__consumer_offsets,45] -> List(0), [__consumer_offsets,27] -> List(0), [__consumer_offsets,32] -> List(0), [__consumer_offsets,43] -> List(0), [__consumer_offsets,36] -> List(0), [__consumer_offsets,35] -> List(0), [__consumer_offsets,7] -> List(0), [__consumer_offsets,9] -> List(0), [__consumer_offsets,38] -> List(0), [__consumer_offsets,1] -> List(0), [__consumer_offsets,16] -> List(0), [__consumer_offsets,2] -> List(0))) (kafka.controller.KafkaController)
[2024-09-20 22:23:21,258] DEBUG [Controller 0]: Topics not in preferred replica Map() (kafka.controller.KafkaController)
[2024-09-20 22:23:21,258] TRACE [Controller 0]: Leader imbalance ratio for broker 0 is 0.0 (kafka.controller.KafkaController)
[2024-09-20 22:28:21,259] TRACE [Controller 0]: Checking need to trigger auto leader balancing (kafka.controller.KafkaController)
[2024-09-20 22:28:21,259] DEBUG [Controller 0]: Preferred replicas by broker Map(0 -> Map([__consumer_offsets,19] -> List(0), [source-topic,1] -> List(0), [__consumer_offsets,30] -> List(0), [__consumer_offsets,47] -> List(0), [__consumer_offsets,29] -> List(0), [__consumer_offsets,41] -> List(0), [__consumer_offsets,39] -> List(0), [__consumer_offsets,17] -> List(0), [__consumer_offsets,10] -> List(0), [topic-C,1] -> List(0), [__consumer_offsets,14] -> List(0), [__consumer_offsets,40] -> List(0), [__consumer_offsets,18] -> List(0), [__consumer_offsets,26] -> List(0), [__consumer_offsets,0] -> List(0), [__consumer_offsets,24] -> List(0), [__consumer_offsets,33] -> List(0), [__consumer_offsets,20] -> List(0), [__consumer_offsets,21] -> List(0), [__consumer_offsets,3] -> List(0), [__consumer_offsets,22] -> List(0), [__consumer_offsets,5] -> List(0), [source-topic,0] -> List(0), [__consumer_offsets,12] -> List(0), [__consumer_offsets,8] -> List(0), [__consumer_offsets,23] -> List(0), [__consumer_offsets,15] -> List(0), [__consumer_offsets,48] -> List(0), [__consumer_offsets,11] -> List(0), [__consumer_offsets,13] -> List(0), [topic-C,0] -> List(0), [__consumer_offsets,49] -> List(0), [__consumer_offsets,6] -> List(0), [__consumer_offsets,28] -> List(0), [__consumer_offsets,4] -> List(0), [__consumer_offsets,37] -> List(0), [topic-A,1] -> List(0), [__consumer_offsets,31] -> List(0), [__consumer_offsets,44] -> List(0), [__consumer_offsets,42] -> List(0), [__consumer_offsets,34] -> List(0), [__consumer_offsets,46] -> List(0), [topic-A,0] -> List(0), [__consumer_offsets,25] -> List(0), [__consumer_offsets,45] -> List(0), [__consumer_offsets,27] -> List(0), [__consumer_offsets,32] -> List(0), [__consumer_offsets,43] -> List(0), [__consumer_offsets,36] -> List(0), [__consumer_offsets,35] -> List(0), [__consumer_offsets,7] -> List(0), [__consumer_offsets,9] -> List(0), [__consumer_offsets,38] -> List(0), [__consumer_offsets,1] -> List(0), [__consumer_offsets,16] -> List(0), [__consumer_offsets,2] -> List(0))) (kafka.controller.KafkaController)
[2024-09-20 22:28:21,259] DEBUG [Controller 0]: Topics not in preferred replica Map() (kafka.controller.KafkaController)
[2024-09-20 22:28:21,259] TRACE [Controller 0]: Leader imbalance ratio for broker 0 is 0.0 (kafka.controller.KafkaController)
[2024-09-20 22:33:21,260] TRACE [Controller 0]: Checking need to trigger auto leader balancing (kafka.controller.KafkaController)
[2024-09-20 22:33:21,261] DEBUG [Controller 0]: Preferred replicas by broker Map(0 -> Map([__consumer_offsets,19] -> List(0), [source-topic,1] -> List(0), [__consumer_offsets,30] -> List(0), [__consumer_offsets,47] -> List(0), [__consumer_offsets,29] -> List(0), [__consumer_offsets,41] -> List(0), [__consumer_offsets,39] -> List(0), [__consumer_offsets,17] -> List(0), [__consumer_offsets,10] -> List(0), [topic-C,1] -> List(0), [__consumer_offsets,14] -> List(0), [__consumer_offsets,40] -> List(0), [__consumer_offsets,18] -> List(0), [__consumer_offsets,26] -> List(0), [__consumer_offsets,0] -> List(0), [__consumer_offsets,24] -> List(0), [__consumer_offsets,33] -> List(0), [__consumer_offsets,20] -> List(0), [__consumer_offsets,21] -> List(0), [__consumer_offsets,3] -> List(0), [__consumer_offsets,22] -> List(0), [__consumer_offsets,5] -> List(0), [source-topic,0] -> List(0), [__consumer_offsets,12] -> List(0), [__consumer_offsets,8] -> List(0), [__consumer_offsets,23] -> List(0), [__consumer_offsets,15] -> List(0), [__consumer_offsets,48] -> List(0), [__consumer_offsets,11] -> List(0), [__consumer_offsets,13] -> List(0), [topic-C,0] -> List(0), [__consumer_offsets,49] -> List(0), [__consumer_offsets,6] -> List(0), [__consumer_offsets,28] -> List(0), [__consumer_offsets,4] -> List(0), [__consumer_offsets,37] -> List(0), [topic-A,1] -> List(0), [__consumer_offsets,31] -> List(0), [__consumer_offsets,44] -> List(0), [__consumer_offsets,42] -> List(0), [__consumer_offsets,34] -> List(0), [__consumer_offsets,46] -> List(0), [topic-A,0] -> List(0), [__consumer_offsets,25] -> List(0), [__consumer_offsets,45] -> List(0), [__consumer_offsets,27] -> List(0), [__consumer_offsets,32] -> List(0), [__consumer_offsets,43] -> List(0), [__consumer_offsets,36] -> List(0), [__consumer_offsets,35] -> List(0), [__consumer_offsets,7] -> List(0), [__consumer_offsets,9] -> List(0), [__consumer_offsets,38] -> List(0), [__consumer_offsets,1] -> List(0), [__consumer_offsets,16] -> List(0), [__consumer_offsets,2] -> List(0))) (kafka.controller.KafkaController)
[2024-09-20 22:33:21,262] DEBUG [Controller 0]: Topics not in preferred replica Map() (kafka.controller.KafkaController)
[2024-09-20 22:33:21,262] TRACE [Controller 0]: Leader imbalance ratio for broker 0 is 0.0 (kafka.controller.KafkaController)
[2024-09-20 22:38:21,262] TRACE [Controller 0]: Checking need to trigger auto leader balancing (kafka.controller.KafkaController)
[2024-09-20 22:38:21,263] DEBUG [Controller 0]: Preferred replicas by broker Map(0 -> Map([__consumer_offsets,19] -> List(0), [source-topic,1] -> List(0), [__consumer_offsets,30] -> List(0), [__consumer_offsets,47] -> List(0), [__consumer_offsets,29] -> List(0), [__consumer_offsets,41] -> List(0), [__consumer_offsets,39] -> List(0), [__consumer_offsets,17] -> List(0), [__consumer_offsets,10] -> List(0), [topic-C,1] -> List(0), [__consumer_offsets,14] -> List(0), [__consumer_offsets,40] -> List(0), [__consumer_offsets,18] -> List(0), [__consumer_offsets,26] -> List(0), [__consumer_offsets,0] -> List(0), [__consumer_offsets,24] -> List(0), [__consumer_offsets,33] -> List(0), [__consumer_offsets,20] -> List(0), [__consumer_offsets,21] -> List(0), [__consumer_offsets,3] -> List(0), [__consumer_offsets,22] -> List(0), [__consumer_offsets,5] -> List(0), [source-topic,0] -> List(0), [__consumer_offsets,12] -> List(0), [__consumer_offsets,8] -> List(0), [__consumer_offsets,23] -> List(0), [__consumer_offsets,15] -> List(0), [__consumer_offsets,48] -> List(0), [__consumer_offsets,11] -> List(0), [__consumer_offsets,13] -> List(0), [topic-C,0] -> List(0), [__consumer_offsets,49] -> List(0), [__consumer_offsets,6] -> List(0), [__consumer_offsets,28] -> List(0), [__consumer_offsets,4] -> List(0), [__consumer_offsets,37] -> List(0), [topic-A,1] -> List(0), [__consumer_offsets,31] -> List(0), [__consumer_offsets,44] -> List(0), [__consumer_offsets,42] -> List(0), [__consumer_offsets,34] -> List(0), [__consumer_offsets,46] -> List(0), [topic-A,0] -> List(0), [__consumer_offsets,25] -> List(0), [__consumer_offsets,45] -> List(0), [__consumer_offsets,27] -> List(0), [__consumer_offsets,32] -> List(0), [__consumer_offsets,43] -> List(0), [__consumer_offsets,36] -> List(0), [__consumer_offsets,35] -> List(0), [__consumer_offsets,7] -> List(0), [__consumer_offsets,9] -> List(0), [__consumer_offsets,38] -> List(0), [__consumer_offsets,1] -> List(0), [__consumer_offsets,16] -> List(0), [__consumer_offsets,2] -> List(0))) (kafka.controller.KafkaController)
[2024-09-20 22:38:21,263] DEBUG [Controller 0]: Topics not in preferred replica Map() (kafka.controller.KafkaController)
[2024-09-20 22:38:21,263] TRACE [Controller 0]: Leader imbalance ratio for broker 0 is 0.0 (kafka.controller.KafkaController)
[2024-09-20 22:42:24,848] INFO [Controller 0]: New topics: [Set(topic-B)], deleted topics: [Set()], new partition replica assignment [Map([topic-B,0] -> List(0), [topic-B,1] -> List(0))] (kafka.controller.KafkaController)
[2024-09-20 22:42:24,848] INFO [Controller 0]: New topic creation callback for [topic-B,0],[topic-B,1] (kafka.controller.KafkaController)
[2024-09-20 22:42:24,848] INFO [Controller 0]: New partition creation callback for [topic-B,0],[topic-B,1] (kafka.controller.KafkaController)
[2024-09-20 22:42:24,848] INFO [Partition state machine on Controller 0]: Invoking state change to NewPartition for partitions [topic-B,0],[topic-B,1] (kafka.controller.PartitionStateMachine)
[2024-09-20 22:42:24,849] INFO [Replica state machine on controller 0]: Invoking state change to NewReplica for replicas [Topic=topic-B,Partition=0,Replica=0],[Topic=topic-B,Partition=1,Replica=0] (kafka.controller.ReplicaStateMachine)
[2024-09-20 22:42:24,850] INFO [Partition state machine on Controller 0]: Invoking state change to OnlinePartition for partitions [topic-B,0],[topic-B,1] (kafka.controller.PartitionStateMachine)
[2024-09-20 22:42:24,850] DEBUG [Partition state machine on Controller 0]: Live assigned replicas for partition [topic-B,0] are: [List(0)] (kafka.controller.PartitionStateMachine)
[2024-09-20 22:42:24,850] DEBUG [Partition state machine on Controller 0]: Initializing leader and isr for partition [topic-B,0] to (Leader:0,ISR:0,LeaderEpoch:0,ControllerEpoch:2) (kafka.controller.PartitionStateMachine)
[2024-09-20 22:42:24,856] DEBUG [Partition state machine on Controller 0]: Live assigned replicas for partition [topic-B,1] are: [List(0)] (kafka.controller.PartitionStateMachine)
[2024-09-20 22:42:24,856] DEBUG [Partition state machine on Controller 0]: Initializing leader and isr for partition [topic-B,1] to (Leader:0,ISR:0,LeaderEpoch:0,ControllerEpoch:2) (kafka.controller.PartitionStateMachine)
[2024-09-20 22:42:24,860] INFO [Replica state machine on controller 0]: Invoking state change to OnlineReplica for replicas [Topic=topic-B,Partition=0,Replica=0],[Topic=topic-B,Partition=1,Replica=0] (kafka.controller.ReplicaStateMachine)
[2024-09-20 22:42:29,890] INFO [Controller-0-to-broker-0-send-thread]: Controller 0 connected to ffernandes:9092 (id: 0 rack: null) for sending state change requests (kafka.controller.RequestSendThread)
[2024-09-20 22:43:21,263] TRACE [Controller 0]: Checking need to trigger auto leader balancing (kafka.controller.KafkaController)
[2024-09-20 22:43:21,265] DEBUG [Controller 0]: Preferred replicas by broker Map(0 -> Map([__consumer_offsets,19] -> List(0), [source-topic,1] -> List(0), [__consumer_offsets,30] -> List(0), [__consumer_offsets,47] -> List(0), [__consumer_offsets,29] -> List(0), [__consumer_offsets,41] -> List(0), [__consumer_offsets,39] -> List(0), [__consumer_offsets,17] -> List(0), [__consumer_offsets,10] -> List(0), [topic-C,1] -> List(0), [__consumer_offsets,14] -> List(0), [__consumer_offsets,40] -> List(0), [__consumer_offsets,18] -> List(0), [__consumer_offsets,0] -> List(0), [__consumer_offsets,26] -> List(0), [__consumer_offsets,24] -> List(0), [__consumer_offsets,33] -> List(0), [__consumer_offsets,20] -> List(0), [__consumer_offsets,3] -> List(0), [__consumer_offsets,21] -> List(0), [__consumer_offsets,5] -> List(0), [__consumer_offsets,22] -> List(0), [source-topic,0] -> List(0), [__consumer_offsets,12] -> List(0), [__consumer_offsets,8] -> List(0), [__consumer_offsets,23] -> List(0), [__consumer_offsets,15] -> List(0), [__consumer_offsets,48] -> List(0), [__consumer_offsets,11] -> List(0), [__consumer_offsets,13] -> List(0), [topic-C,0] -> List(0), [__consumer_offsets,49] -> List(0), [__consumer_offsets,6] -> List(0), [__consumer_offsets,28] -> List(0), [__consumer_offsets,4] -> List(0), [__consumer_offsets,37] -> List(0), [topic-A,1] -> List(0), [__consumer_offsets,31] -> List(0), [__consumer_offsets,44] -> List(0), [__consumer_offsets,42] -> List(0), [__consumer_offsets,34] -> List(0), [__consumer_offsets,46] -> List(0), [topic-A,0] -> List(0), [__consumer_offsets,25] -> List(0), [__consumer_offsets,45] -> List(0), [__consumer_offsets,27] -> List(0), [__consumer_offsets,32] -> List(0), [__consumer_offsets,43] -> List(0), [topic-B,0] -> List(0), [__consumer_offsets,36] -> List(0), [__consumer_offsets,35] -> List(0), [__consumer_offsets,7] -> List(0), [topic-B,1] -> List(0), [__consumer_offsets,38] -> List(0), [__consumer_offsets,9] -> List(0), [__consumer_offsets,1] -> List(0), [__consumer_offsets,2] -> List(0), [__consumer_offsets,16] -> List(0))) (kafka.controller.KafkaController)
[2024-09-20 22:43:21,265] DEBUG [Controller 0]: Topics not in preferred replica Map() (kafka.controller.KafkaController)
[2024-09-20 22:43:21,265] TRACE [Controller 0]: Leader imbalance ratio for broker 0 is 0.0 (kafka.controller.KafkaController)
[2024-09-20 22:48:21,266] TRACE [Controller 0]: Checking need to trigger auto leader balancing (kafka.controller.KafkaController)
[2024-09-20 22:48:21,267] DEBUG [Controller 0]: Preferred replicas by broker Map(0 -> Map([__consumer_offsets,19] -> List(0), [source-topic,1] -> List(0), [__consumer_offsets,30] -> List(0), [__consumer_offsets,47] -> List(0), [__consumer_offsets,29] -> List(0), [__consumer_offsets,41] -> List(0), [__consumer_offsets,39] -> List(0), [__consumer_offsets,17] -> List(0), [__consumer_offsets,10] -> List(0), [topic-C,1] -> List(0), [__consumer_offsets,14] -> List(0), [__consumer_offsets,40] -> List(0), [__consumer_offsets,18] -> List(0), [__consumer_offsets,0] -> List(0), [__consumer_offsets,26] -> List(0), [__consumer_offsets,24] -> List(0), [__consumer_offsets,33] -> List(0), [__consumer_offsets,20] -> List(0), [__consumer_offsets,3] -> List(0), [__consumer_offsets,21] -> List(0), [__consumer_offsets,5] -> List(0), [__consumer_offsets,22] -> List(0), [source-topic,0] -> List(0), [__consumer_offsets,12] -> List(0), [__consumer_offsets,8] -> List(0), [__consumer_offsets,23] -> List(0), [__consumer_offsets,15] -> List(0), [__consumer_offsets,48] -> List(0), [__consumer_offsets,11] -> List(0), [__consumer_offsets,13] -> List(0), [topic-C,0] -> List(0), [__consumer_offsets,49] -> List(0), [__consumer_offsets,6] -> List(0), [__consumer_offsets,28] -> List(0), [__consumer_offsets,4] -> List(0), [__consumer_offsets,37] -> List(0), [topic-A,1] -> List(0), [__consumer_offsets,31] -> List(0), [__consumer_offsets,44] -> List(0), [__consumer_offsets,42] -> List(0), [__consumer_offsets,34] -> List(0), [__consumer_offsets,46] -> List(0), [topic-A,0] -> List(0), [__consumer_offsets,25] -> List(0), [__consumer_offsets,45] -> List(0), [__consumer_offsets,27] -> List(0), [__consumer_offsets,32] -> List(0), [__consumer_offsets,43] -> List(0), [topic-B,0] -> List(0), [__consumer_offsets,36] -> List(0), [__consumer_offsets,35] -> List(0), [__consumer_offsets,7] -> List(0), [topic-B,1] -> List(0), [__consumer_offsets,38] -> List(0), [__consumer_offsets,9] -> List(0), [__consumer_offsets,1] -> List(0), [__consumer_offsets,2] -> List(0), [__consumer_offsets,16] -> List(0))) (kafka.controller.KafkaController)
[2024-09-20 22:48:21,267] DEBUG [Controller 0]: Topics not in preferred replica Map() (kafka.controller.KafkaController)
[2024-09-20 22:48:21,267] TRACE [Controller 0]: Leader imbalance ratio for broker 0 is 0.0 (kafka.controller.KafkaController)
